<?xml version="1.0" encoding="UTF-8"?>
<testsuites name="Para Bank" time="206.162" tests="4" failures="0" errors="0">
   <testsuite name="Para Bank" tests="4" failures="0" errors="0" time="206.162" skipped="0" timestamp="20-01-2024T00:44:08" hostname="0767 - DESKTOP-SQ56SGT" id="Test Suites/Test Suites/Para Bank">
      <properties>
[...]
</properties>
      <testcase name="Test Cases/Para Bank/Login" time="51.88" classname="Test Cases/Para Bank/Login" status="PASSED">
         <system-out><![CDATA[20-01-2024T00:44:08 - [TEST_CASE][PASSED] - Test Cases/Para Bank/Login: Test Cases/Para Bank/Login

20-01-2024T00:44:09 - [TEST_STEP][PASSED] - openBrowser(""): Browser is opened with url: ''

20-01-2024T00:44:10 - [MESSAGE][INFO] - User set preference: ['os', 'windows']

20-01-2024T00:44:10 - [MESSAGE][INFO] - User set preference: ['browserName', 'chrome']

20-01-2024T00:44:10 - [MESSAGE][INFO] - User set preference: ['browserVersion', '119']

20-01-2024T00:44:10 - [MESSAGE][INFO] - User set preference: ['katalon:option', '{organizationId=1378380, tunnelId=, usingTunnel=false}']

20-01-2024T00:44:10 - [MESSAGE][INFO] - Connecting to remote web server 'testcloud.katalon.com/hub' with type 'Selenium'

20-01-2024T00:44:10 - [MESSAGE][INFO] - Action delay is set to 0 milliseconds

20-01-2024T00:44:37 - [MESSAGE][PASSED] - Browser is opened with url: ''

20-01-2024T00:44:37 - [TEST_STEP][PASSED] - navigateToUrl("https://parabank.parasoft.com/parabank/index.htm"): Navigate to 'https://parabank.parasoft.com/parabank/index.htm' successfully

20-01-2024T00:44:39 - [MESSAGE][PASSED] - Navigate to 'https://parabank.parasoft.com/parabank/index.htm' successfully

20-01-2024T00:44:39 - [TEST_STEP][PASSED] - setText(findTestObject("Object Repository/Para Bank/Page_ParaBank  Welcome  Online Banking/input_username"), "asep"): Text 'asep' is set on object 'Object Repository/Para Bank/Page_ParaBank  Welcome  Online Banking/input_username'

20-01-2024T00:44:48 - [MESSAGE][PASSED] - Text 'asep' is set on object 'Object Repository/Para Bank/Page_ParaBank  Welcome  Online Banking/input_username'

20-01-2024T00:44:48 - [TEST_STEP][PASSED] - setEncryptedText(findTestObject("Object Repository/Para Bank/Page_ParaBank  Welcome  Online Banking/input_password"), "amhbjqpz+W+cUhleMTuzlg=="): Text ****** has been set on object 'Object Repository/Para Bank/Page_ParaBank  Welcome  Online Banking/input_password'

20-01-2024T00:44:54 - [MESSAGE][PASSED] - Text ****** has been set on object 'Object Repository/Para Bank/Page_ParaBank  Welcome  Online Banking/input_password'

20-01-2024T00:44:54 - [TEST_STEP][PASSED] - click(findTestObject("Object Repository/Para Bank/Page_ParaBank  Welcome  Online Banking/input_button")): Object: 'Object Repository/Para Bank/Page_ParaBank  Welcome  Online Banking/input_button' is clicked on

20-01-2024T00:45:00 - [MESSAGE][PASSED] - Object: 'Object Repository/Para Bank/Page_ParaBank  Welcome  Online Banking/input_button' is clicked on]]></system-out>
         <system-err><![CDATA[]]></system-err>
      </testcase>
      <testcase name="Test Cases/Para Bank/Open New Account" time="38.421" classname="Test Cases/Para Bank/Open New Account" status="PASSED">
         <system-out><![CDATA[20-01-2024T00:45:00 - [TEST_CASE][PASSED] - Test Cases/Para Bank/Open New Account: Test Cases/Para Bank/Open New Account

20-01-2024T00:45:00 - [TEST_STEP][PASSED] - click(findTestObject("Object Repository/Para Bank/Page_ParaBank  Accounts Overview/a_Open New Account")): Object: 'Object Repository/Para Bank/Page_ParaBank  Accounts Overview/a_Open New Account' is clicked on

20-01-2024T00:45:05 - [MESSAGE][PASSED] - Object: 'Object Repository/Para Bank/Page_ParaBank  Accounts Overview/a_Open New Account' is clicked on

20-01-2024T00:45:05 - [TEST_STEP][PASSED] - selectOptionByValue(findTestObject("Object Repository/Para Bank/Page_ParaBank  Open Account/select_CHECKING                  SAVINGS"), "1", true): All options with value '1' are selected in object 'Object Repository/Para Bank/Page_ParaBank  Open Account/select_CHECKING                  SAVINGS'  using regular expression

20-01-2024T00:45:30 - [MESSAGE][PASSED] - All options with value '1' are selected in object 'Object Repository/Para Bank/Page_ParaBank  Open Account/select_CHECKING                  SAVINGS'  using regular expression

20-01-2024T00:45:30 - [TEST_STEP][PASSED] - click(findTestObject("Object Repository/Para Bank/Page_ParaBank  Open Account/input_button")): Object: 'Object Repository/Para Bank/Page_ParaBank  Open Account/input_button' is clicked on

20-01-2024T00:45:33 - [MESSAGE][PASSED] - Object: 'Object Repository/Para Bank/Page_ParaBank  Open Account/input_button' is clicked on

20-01-2024T00:45:33 - [TEST_STEP][PASSED] - click(findTestObject("Object Repository/Para Bank/Page_ParaBank  Open Account/a_32547")): Object: 'Object Repository/Para Bank/Page_ParaBank  Open Account/a_32547' is clicked on

20-01-2024T00:45:38 - [MESSAGE][PASSED] - Object: 'Object Repository/Para Bank/Page_ParaBank  Open Account/a_32547' is clicked on]]></system-out>
         <system-err><![CDATA[]]></system-err>
      </testcase>
      <testcase name="Test Cases/Para Bank/Account Overview" time="41.561" classname="Test Cases/Para Bank/Account Overview" status="PASSED">
         <system-out><![CDATA[20-01-2024T00:45:38 - [TEST_CASE][PASSED] - Test Cases/Para Bank/Account Overview: Test Cases/Para Bank/Account Overview

20-01-2024T00:45:39 - [TEST_STEP][PASSED] - click(findTestObject("Object Repository/Para Bank/Page_ParaBank  Accounts Overview/a_Accounts Overview")): Object: 'Object Repository/Para Bank/Page_ParaBank  Accounts Overview/a_Accounts Overview' is clicked on

20-01-2024T00:45:43 - [MESSAGE][PASSED] - Object: 'Object Repository/Para Bank/Page_ParaBank  Accounts Overview/a_Accounts Overview' is clicked on

20-01-2024T00:45:43 - [TEST_STEP][PASSED] - click(findTestObject("Object Repository/Para Bank/Page_ParaBank  Accounts Overview/b_5000.00")): Object: 'Object Repository/Para Bank/Page_ParaBank  Accounts Overview/b_5000.00' is clicked on

20-01-2024T00:46:15 - [MESSAGE][INFO] - Unable to find the element located by 'By.xpath: //table[@id='accountTable']/tbody/tr[3]/td[2]/b'. Please recheck the objects properties to make sure the desired element is located. 

20-01-2024T00:46:15 - [MESSAGE][WARNING] - [SELF-HEALING] Failed to find element with id 'Object Repository/Para Bank/Page_ParaBank  Accounts Overview/b_5000.00'. Try using Self-healing.

20-01-2024T00:46:19 - [MESSAGE][WARNING] - [SELF-HEALING] The current locator of test object 'Object Repository/Para Bank/Page_ParaBank  Accounts Overview/b_5000.00' was broken. Propose an alternative one: '//td[2]/b'.

20-01-2024T00:46:20 - [MESSAGE][PASSED] - Object: 'Object Repository/Para Bank/Page_ParaBank  Accounts Overview/b_5000.00' is clicked on]]></system-out>
         <system-err><![CDATA[]]></system-err>
      </testcase>
      <testcase name="Test Cases/Para Bank/Transfer Funds" time="73.823" classname="Test Cases/Para Bank/Transfer Funds" status="PASSED">
         <system-out><![CDATA[20-01-2024T00:46:20 - [TEST_CASE][PASSED] - Test Cases/Para Bank/Transfer Funds: Test Cases/Para Bank/Transfer Funds

20-01-2024T00:46:20 - [TEST_STEP][PASSED] - click(findTestObject("Object Repository/Para Bank/Page_ParaBank  Accounts Overview/a_Transfer Funds")): Object: 'Object Repository/Para Bank/Page_ParaBank  Accounts Overview/a_Transfer Funds' is clicked on

20-01-2024T00:46:24 - [MESSAGE][PASSED] - Object: 'Object Repository/Para Bank/Page_ParaBank  Accounts Overview/a_Transfer Funds' is clicked on

20-01-2024T00:46:24 - [TEST_STEP][PASSED] - setText(findTestObject("Object Repository/Para Bank/Page_ParaBank  Transfer Funds/input_input"), "110"): Text '110' is set on object 'Object Repository/Para Bank/Page_ParaBank  Transfer Funds/input_input'

20-01-2024T00:46:31 - [MESSAGE][PASSED] - Text '110' is set on object 'Object Repository/Para Bank/Page_ParaBank  Transfer Funds/input_input'

20-01-2024T00:46:31 - [TEST_STEP][PASSED] - selectOptionByValue(findTestObject("Object Repository/Para Bank/Page_ParaBank  Transfer Funds/select_3243632547"), "32436", true): All options with value '32436' are selected in object 'Object Repository/Para Bank/Page_ParaBank  Transfer Funds/select_3243632547'  using regular expression

20-01-2024T00:46:58 - [MESSAGE][PASSED] - All options with value '32436' are selected in object 'Object Repository/Para Bank/Page_ParaBank  Transfer Funds/select_3243632547'  using regular expression

20-01-2024T00:46:58 - [TEST_STEP][PASSED] - selectOptionByValue(findTestObject("Object Repository/Para Bank/Page_ParaBank  Transfer Funds/select_3243632547"), "32547", true): All options with value '32547' are selected in object 'Object Repository/Para Bank/Page_ParaBank  Transfer Funds/select_3243632547'  using regular expression

20-01-2024T00:47:30 - [MESSAGE][PASSED] - All options with value '32547' are selected in object 'Object Repository/Para Bank/Page_ParaBank  Transfer Funds/select_3243632547'  using regular expression

20-01-2024T00:47:30 - [TEST_STEP][PASSED] - click(findTestObject("Object Repository/Para Bank/Page_ParaBank  Transfer Funds/input_button")): Object: 'Object Repository/Para Bank/Page_ParaBank  Transfer Funds/input_button' is clicked on

20-01-2024T00:47:34 - [MESSAGE][PASSED] - Object: 'Object Repository/Para Bank/Page_ParaBank  Transfer Funds/input_button' is clicked on]]></system-out>
         <system-err><![CDATA[]]></system-err>
      </testcase>
      <system-out><![CDATA[20-01-2024T00:44:08 - [TEST_SUITE][PASSED] - Para Bank: Test Cases/Para Bank/Transfer Funds]]></system-out>
      <system-err><![CDATA[]]></system-err>
   </testsuite>
</testsuites>
