<?xml version="1.0" encoding="UTF-8"?>
<testsuites name="Para Bank" time="2798.906" tests="4" failures="3" errors="0">
   <testsuite name="Para Bank" tests="4" failures="3" errors="0" time="2798.906" skipped="0" timestamp="19-01-2024T22:49:40" hostname="0767 - DESKTOP-SQ56SGT" id="Test Suites/Test Suites/Para Bank">
      <properties>
[...]
</properties>
      <testcase name="Test Cases/Para Bank/Login" time="88.667" classname="Test Cases/Para Bank/Login" status="PASSED">
         <system-out><![CDATA[19-01-2024T22:49:41 - [TEST_CASE][PASSED] - Test Cases/Para Bank/Login: Test Cases/Para Bank/Login

19-01-2024T22:49:41 - [TEST_STEP][PASSED] - openBrowser(""): Browser is opened with url: ''

19-01-2024T22:49:41 - [MESSAGE][INFO] - User set preference: ['browserName', 'chrome']

19-01-2024T22:49:41 - [MESSAGE][INFO] - User set preference: ['platformName', 'Android']

19-01-2024T22:49:41 - [MESSAGE][INFO] - User set preference: ['browserVersion', 'latest']

19-01-2024T22:49:41 - [MESSAGE][INFO] - User set preference: ['deviceName', 'Google Google Pixel 5']

19-01-2024T22:49:41 - [MESSAGE][INFO] - User set preference: ['platformVersion', '14']

19-01-2024T22:49:41 - [MESSAGE][INFO] - User set preference: ['deviceId', 'google_pixel_5']

19-01-2024T22:49:41 - [MESSAGE][INFO] - User set preference: ['katalon:option', '{organizationId=1378380, tunnelId=, deviceVersion=14, deviceId=google_pixel_5, usingTunnel=false}']

19-01-2024T22:49:41 - [MESSAGE][INFO] - Connecting to remote web server 'testcloud.katalon.com/hub' with type 'Selenium'

19-01-2024T22:49:42 - [MESSAGE][INFO] - Action delay is set to 0 milliseconds

19-01-2024T22:50:43 - [MESSAGE][PASSED] - Browser is opened with url: ''

19-01-2024T22:50:43 - [TEST_STEP][PASSED] - navigateToUrl("https://parabank.parasoft.com/parabank/index.htm"): Navigate to 'https://parabank.parasoft.com/parabank/index.htm' successfully

19-01-2024T22:50:45 - [MESSAGE][PASSED] - Navigate to 'https://parabank.parasoft.com/parabank/index.htm' successfully

19-01-2024T22:50:45 - [TEST_STEP][PASSED] - setText(findTestObject("Object Repository/Para Bank/Page_ParaBank  Welcome  Online Banking/input_username"), "asep"): Text 'asep' is set on object 'Object Repository/Para Bank/Page_ParaBank  Welcome  Online Banking/input_username'

19-01-2024T22:50:55 - [MESSAGE][PASSED] - Text 'asep' is set on object 'Object Repository/Para Bank/Page_ParaBank  Welcome  Online Banking/input_username'

19-01-2024T22:50:55 - [TEST_STEP][PASSED] - setEncryptedText(findTestObject("Object Repository/Para Bank/Page_ParaBank  Welcome  Online Banking/input_password"), "amhbjqpz+W+cUhleMTuzlg=="): Text ****** has been set on object 'Object Repository/Para Bank/Page_ParaBank  Welcome  Online Banking/input_password'

19-01-2024T22:51:05 - [MESSAGE][PASSED] - Text ****** has been set on object 'Object Repository/Para Bank/Page_ParaBank  Welcome  Online Banking/input_password'

19-01-2024T22:51:05 - [TEST_STEP][PASSED] - click(findTestObject("Object Repository/Para Bank/Page_ParaBank  Welcome  Online Banking/input_button")): Object: 'Object Repository/Para Bank/Page_ParaBank  Welcome  Online Banking/input_button' is clicked on

19-01-2024T22:51:09 - [MESSAGE][PASSED] - Object: 'Object Repository/Para Bank/Page_ParaBank  Welcome  Online Banking/input_button' is clicked on]]></system-out>
         <system-err><![CDATA[]]></system-err>
      </testcase>
      <testcase name="Test Cases/Para Bank/Open New Account" time="218.781" classname="Test Cases/Para Bank/Open New Account" status="FAILED">
         <failure type="FAILED" message="Test Cases/Para Bank/Open New Account FAILED.&#xa;Reason:&#xa;com.kms.katalon.core.exception.StepFailedException: Unable to select option by value '1' of object 'Object Repository/Para Bank/Page_ParaBank  Open Account/select_CHECKING                  SAVINGS'  using regular expression&#xa;	at com.kms.katalon.core.webui.keyword.internal.WebUIKeywordMain.stepFailed(WebUIKeywordMain.groovy:64)&#xa;	at com.kms.katalon.core.webui.keyword.internal.WebUIKeywordMain.runKeyword(WebUIKeywordMain.groovy:26)&#xa;	at com.kms.katalon.core.webui.keyword.builtin.SelectOptionByValueKeyword.selectOptionByValue(SelectOptionByValueKeyword.groovy:99)&#xa;	at com.kms.katalon.core.webui.keyword.builtin.SelectOptionByValueKeyword.execute(SelectOptionByValueKeyword.groovy:71)&#xa;	at com.kms.katalon.core.keyword.internal.KeywordExecutor.executeKeywordForPlatform(KeywordExecutor.groovy:74)&#xa;	at com.kms.katalon.core.webui.keyword.WebUiBuiltInKeywords.selectOptionByValue(WebUiBuiltInKeywords.groovy:1207)&#xa;	at Open New Account.run(Open New Account:33)&#xa;	at com.kms.katalon.core.main.ScriptEngine.run(ScriptEngine.java:194)&#xa;	at com.kms.katalon.core.main.ScriptEngine.runScriptAsRawText(ScriptEngine.java:119)&#xa;	at com.kms.katalon.core.main.TestCaseExecutor.runScript(TestCaseExecutor.java:448)&#xa;	at com.kms.katalon.core.main.TestCaseExecutor.doExecute(TestCaseExecutor.java:439)&#xa;	at com.kms.katalon.core.main.TestCaseExecutor.processExecutionPhase(TestCaseExecutor.java:418)&#xa;	at com.kms.katalon.core.main.TestCaseExecutor.accessMainPhase(TestCaseExecutor.java:410)&#xa;	at com.kms.katalon.core.main.TestCaseExecutor.execute(TestCaseExecutor.java:285)&#xa;	at com.kms.katalon.core.main.TestCaseExecutor.execute(TestCaseExecutor.java:369)&#xa;	at com.kms.katalon.core.main.TestCaseExecutor.execute(TestCaseExecutor.java:369)&#xa;	at com.kms.katalon.core.main.TestCaseExecutor.execute(TestCaseExecutor.java:369)&#xa;	at com.kms.katalon.core.common.CommonExecutor.accessTestCaseMainPhase(CommonExecutor.java:65)&#xa;	at com.kms.katalon.core.main.TestSuiteExecutor.accessTestSuiteMainPhase(TestSuiteExecutor.java:148)&#xa;	at com.kms.katalon.core.main.TestSuiteExecutor.execute(TestSuiteExecutor.java:106)&#xa;	at com.kms.katalon.core.main.TestCaseMain.startTestSuite(TestCaseMain.java:180)&#xa;	at TempTestSuite1705678734239.run(TempTestSuite1705678734239.groovy:36)&#xa;	at java.base/jdk.internal.reflect.NativeMethodAccessorImpl.invoke0(Native Method)&#xa;	at java.base/jdk.internal.reflect.NativeMethodAccessorImpl.invoke(NativeMethodAccessorImpl.java:77)&#xa;	at java.base/jdk.internal.reflect.DelegatingMethodAccessorImpl.invoke(DelegatingMethodAccessorImpl.java:43)&#xa;Caused by: com.kms.katalon.core.webui.exception.WebElementNotFoundException: Web element with id: 'Object Repository/Para Bank/Page_ParaBank  Open Account/select_CHECKING                  SAVINGS' located by '//select[@id='type']' not found&#xa;	at com.kms.katalon.core.webui.common.WebUiCommonHelper.findWebElement(WebUiCommonHelper.java:1379)&#xa;	at com.kms.katalon.core.webui.keyword.internal.WebUIAbstractKeyword.findWebElement(WebUIAbstractKeyword.groovy:27)&#xa;	at com.kms.katalon.core.webui.keyword.internal.WebUIAbstractKeyword.findWebElement(WebUIAbstractKeyword.groovy:26)&#xa;	at com.kms.katalon.core.webui.keyword.builtin.SelectOptionByValueKeyword$_selectOptionByValue_closure1.doCall(SelectOptionByValueKeyword.groovy:86)&#xa;	at com.kms.katalon.core.webui.keyword.builtin.SelectOptionByValueKeyword$_selectOptionByValue_closure1.call(SelectOptionByValueKeyword.groovy)&#xa;	at com.kms.katalon.core.webui.keyword.internal.WebUIKeywordMain.runKeyword(WebUIKeywordMain.groovy:20)&#xa;	... 23 more&#xa;"/>
         <system-out><![CDATA[19-01-2024T23:01:09 - [TEST_CASE][FAILED] - Test Cases/Para Bank/Open New Account: Test Cases/Para Bank/Open New Account FAILED.
Reason:
com.kms.katalon.core.exception.StepFailedException: Unable to select option by value '1' of object 'Object Repository/Para Bank/Page_ParaBank  Open Account/select_CHECKING                  SAVINGS'  using regular expression
	at com.kms.katalon.core.webui.keyword.internal.WebUIKeywordMain.stepFailed(WebUIKeywordMain.groovy:64)
	at com.kms.katalon.core.webui.keyword.internal.WebUIKeywordMain.runKeyword(WebUIKeywordMain.groovy:26)
	at com.kms.katalon.core.webui.keyword.builtin.SelectOptionByValueKeyword.selectOptionByValue(SelectOptionByValueKeyword.groovy:99)
	at com.kms.katalon.core.webui.keyword.builtin.SelectOptionByValueKeyword.execute(SelectOptionByValueKeyword.groovy:71)
	at com.kms.katalon.core.keyword.internal.KeywordExecutor.executeKeywordForPlatform(KeywordExecutor.groovy:74)
	at com.kms.katalon.core.webui.keyword.WebUiBuiltInKeywords.selectOptionByValue(WebUiBuiltInKeywords.groovy:1207)
	at Open New Account.run(Open New Account:33)
	at com.kms.katalon.core.main.ScriptEngine.run(ScriptEngine.java:194)
	at com.kms.katalon.core.main.ScriptEngine.runScriptAsRawText(ScriptEngine.java:119)
	at com.kms.katalon.core.main.TestCaseExecutor.runScript(TestCaseExecutor.java:448)
	at com.kms.katalon.core.main.TestCaseExecutor.doExecute(TestCaseExecutor.java:439)
	at com.kms.katalon.core.main.TestCaseExecutor.processExecutionPhase(TestCaseExecutor.java:418)
	at com.kms.katalon.core.main.TestCaseExecutor.accessMainPhase(TestCaseExecutor.java:410)
	at com.kms.katalon.core.main.TestCaseExecutor.execute(TestCaseExecutor.java:285)
	at com.kms.katalon.core.main.TestCaseExecutor.execute(TestCaseExecutor.java:369)
	at com.kms.katalon.core.main.TestCaseExecutor.execute(TestCaseExecutor.java:369)
	at com.kms.katalon.core.main.TestCaseExecutor.execute(TestCaseExecutor.java:369)
	at com.kms.katalon.core.common.CommonExecutor.accessTestCaseMainPhase(CommonExecutor.java:65)
	at com.kms.katalon.core.main.TestSuiteExecutor.accessTestSuiteMainPhase(TestSuiteExecutor.java:148)
	at com.kms.katalon.core.main.TestSuiteExecutor.execute(TestSuiteExecutor.java:106)
	at com.kms.katalon.core.main.TestCaseMain.startTestSuite(TestCaseMain.java:180)
	at TempTestSuite1705678734239.run(TempTestSuite1705678734239.groovy:36)
	at java.base/jdk.internal.reflect.NativeMethodAccessorImpl.invoke0(Native Method)
	at java.base/jdk.internal.reflect.NativeMethodAccessorImpl.invoke(NativeMethodAccessorImpl.java:77)
	at java.base/jdk.internal.reflect.DelegatingMethodAccessorImpl.invoke(DelegatingMethodAccessorImpl.java:43)
Caused by: com.kms.katalon.core.webui.exception.WebElementNotFoundException: Web element with id: 'Object Repository/Para Bank/Page_ParaBank  Open Account/select_CHECKING                  SAVINGS' located by '//select[@id='type']' not found
	at com.kms.katalon.core.webui.common.WebUiCommonHelper.findWebElement(WebUiCommonHelper.java:1379)
	at com.kms.katalon.core.webui.keyword.internal.WebUIAbstractKeyword.findWebElement(WebUIAbstractKeyword.groovy:27)
	at com.kms.katalon.core.webui.keyword.internal.WebUIAbstractKeyword.findWebElement(WebUIAbstractKeyword.groovy:26)
	at com.kms.katalon.core.webui.keyword.builtin.SelectOptionByValueKeyword$_selectOptionByValue_closure1.doCall(SelectOptionByValueKeyword.groovy:86)
	at com.kms.katalon.core.webui.keyword.builtin.SelectOptionByValueKeyword$_selectOptionByValue_closure1.call(SelectOptionByValueKeyword.groovy)
	at com.kms.katalon.core.webui.keyword.internal.WebUIKeywordMain.runKeyword(WebUIKeywordMain.groovy:20)
	... 23 more


19-01-2024T23:01:09 - [TEST_STEP][PASSED] - openBrowser(""): Browser is opened with url: ''

19-01-2024T23:01:09 - [MESSAGE][WARNING] - A browser is already opened. Closing browser and opening a new one

19-01-2024T23:01:11 - [MESSAGE][INFO] - User set preference: ['browserName', 'chrome']

19-01-2024T23:01:11 - [MESSAGE][INFO] - User set preference: ['platformName', 'Android']

19-01-2024T23:01:11 - [MESSAGE][INFO] - User set preference: ['browserVersion', 'latest']

19-01-2024T23:01:11 - [MESSAGE][INFO] - User set preference: ['deviceName', 'Google Google Pixel 5']

19-01-2024T23:01:11 - [MESSAGE][INFO] - User set preference: ['platformVersion', '14']

19-01-2024T23:01:11 - [MESSAGE][INFO] - User set preference: ['deviceId', 'google_pixel_5']

19-01-2024T23:01:11 - [MESSAGE][INFO] - User set preference: ['katalon:option', '{organizationId=1378380, tunnelId=, deviceVersion=14, deviceId=google_pixel_5, usingTunnel=false}']

19-01-2024T23:01:11 - [MESSAGE][INFO] - Connecting to remote web server 'testcloud.katalon.com/hub' with type 'Selenium'

19-01-2024T23:01:11 - [MESSAGE][INFO] - Action delay is set to 0 milliseconds

19-01-2024T23:02:26 - [MESSAGE][PASSED] - Browser is opened with url: ''

19-01-2024T23:02:26 - [TEST_STEP][PASSED] - navigateToUrl("https://parabank.parasoft.com/parabank/index.htm"): Navigate to 'https://parabank.parasoft.com/parabank/index.htm' successfully

19-01-2024T23:02:28 - [MESSAGE][PASSED] - Navigate to 'https://parabank.parasoft.com/parabank/index.htm' successfully

19-01-2024T23:02:28 - [TEST_STEP][PASSED] - setText(findTestObject("Object Repository/Para Bank/Page_ParaBank  Welcome  Online Banking/input_username"), "asep"): Text 'asep' is set on object 'Object Repository/Para Bank/Page_ParaBank  Welcome  Online Banking/input_username'

19-01-2024T23:02:49 - [MESSAGE][PASSED] - Text 'asep' is set on object 'Object Repository/Para Bank/Page_ParaBank  Welcome  Online Banking/input_username'

19-01-2024T23:02:49 - [TEST_STEP][PASSED] - setEncryptedText(findTestObject("Object Repository/Para Bank/Page_ParaBank  Welcome  Online Banking/input_password"), "amhbjqpz+W+cUhleMTuzlg=="): Text ****** has been set on object 'Object Repository/Para Bank/Page_ParaBank  Welcome  Online Banking/input_password'

19-01-2024T23:02:56 - [MESSAGE][PASSED] - Text ****** has been set on object 'Object Repository/Para Bank/Page_ParaBank  Welcome  Online Banking/input_password'

19-01-2024T23:02:56 - [TEST_STEP][PASSED] - click(findTestObject("Object Repository/Para Bank/Page_ParaBank  Welcome  Online Banking/input_button")): Object: 'Object Repository/Para Bank/Page_ParaBank  Welcome  Online Banking/input_button' is clicked on

19-01-2024T23:03:00 - [MESSAGE][PASSED] - Object: 'Object Repository/Para Bank/Page_ParaBank  Welcome  Online Banking/input_button' is clicked on

19-01-2024T23:03:00 - [TEST_STEP][PASSED] - click(findTestObject("Object Repository/Para Bank/Page_ParaBank  Accounts Overview/a_Open New Account")): Object: 'Object Repository/Para Bank/Page_ParaBank  Accounts Overview/a_Open New Account' is clicked on

19-01-2024T23:03:32 - [MESSAGE][INFO] - Unable to find the element located by 'By.xpath: //div[@id='leftPanel']/ul/li/a'. Please recheck the objects properties to make sure the desired element is located. 

19-01-2024T23:03:32 - [MESSAGE][WARNING] - [SELF-HEALING] Failed to find element with id 'Object Repository/Para Bank/Page_ParaBank  Accounts Overview/a_Open New Account'. Try using Self-healing.

19-01-2024T23:03:34 - [MESSAGE][WARNING] - [SELF-HEALING] The current locator of test object 'Object Repository/Para Bank/Page_ParaBank  Accounts Overview/a_Open New Account' was broken. Propose an alternative one: '//div[3]/div/ul/li/a'.

19-01-2024T23:03:36 - [MESSAGE][PASSED] - Object: 'Object Repository/Para Bank/Page_ParaBank  Accounts Overview/a_Open New Account' is clicked on

19-01-2024T23:03:36 - [TEST_STEP][FAILED] - selectOptionByValue(findTestObject("Object Repository/Para Bank/Page_ParaBank  Open Account/select_CHECKING                  SAVINGS"), "1", true): Unable to select option by value '1' of object 'Object Repository/Para Bank/Page_ParaBank  Open Account/select_CHECKING                  SAVINGS'  using regular expression (Root cause: com.kms.katalon.core.exception.StepFailedException: Unable to select option by value '1' of object 'Object Repository/Para Bank/Page_ParaBank  Open Account/select_CHECKING                  SAVINGS'  using regular expression
	at com.kms.katalon.core.webui.keyword.internal.WebUIKeywordMain.stepFailed(WebUIKeywordMain.groovy:64)
	at com.kms.katalon.core.webui.keyword.internal.WebUIKeywordMain.runKeyword(WebUIKeywordMain.groovy:26)
	at com.kms.katalon.core.webui.keyword.builtin.SelectOptionByValueKeyword.selectOptionByValue(SelectOptionByValueKeyword.groovy:99)
	at com.kms.katalon.core.webui.keyword.builtin.SelectOptionByValueKeyword.execute(SelectOptionByValueKeyword.groovy:71)
	at com.kms.katalon.core.keyword.internal.KeywordExecutor.executeKeywordForPlatform(KeywordExecutor.groovy:74)
	at com.kms.katalon.core.webui.keyword.WebUiBuiltInKeywords.selectOptionByValue(WebUiBuiltInKeywords.groovy:1207)
	at Open New Account.run(Open New Account:33)
	at com.kms.katalon.core.main.ScriptEngine.run(ScriptEngine.java:194)
	at com.kms.katalon.core.main.ScriptEngine.runScriptAsRawText(ScriptEngine.java:119)
	at com.kms.katalon.core.main.TestCaseExecutor.runScript(TestCaseExecutor.java:448)
	at com.kms.katalon.core.main.TestCaseExecutor.doExecute(TestCaseExecutor.java:439)
	at com.kms.katalon.core.main.TestCaseExecutor.processExecutionPhase(TestCaseExecutor.java:418)
	at com.kms.katalon.core.main.TestCaseExecutor.accessMainPhase(TestCaseExecutor.java:410)
	at com.kms.katalon.core.main.TestCaseExecutor.execute(TestCaseExecutor.java:285)
	at com.kms.katalon.core.main.TestCaseExecutor.execute(TestCaseExecutor.java:369)
	at com.kms.katalon.core.main.TestCaseExecutor.execute(TestCaseExecutor.java:369)
	at com.kms.katalon.core.main.TestCaseExecutor.execute(TestCaseExecutor.java:369)
	at com.kms.katalon.core.common.CommonExecutor.accessTestCaseMainPhase(CommonExecutor.java:65)
	at com.kms.katalon.core.main.TestSuiteExecutor.accessTestSuiteMainPhase(TestSuiteExecutor.java:148)
	at com.kms.katalon.core.main.TestSuiteExecutor.execute(TestSuiteExecutor.java:106)
	at com.kms.katalon.core.main.TestCaseMain.startTestSuite(TestCaseMain.java:180)
	at TempTestSuite1705678734239.run(TempTestSuite1705678734239.groovy:36)
	at java.base/jdk.internal.reflect.NativeMethodAccessorImpl.invoke0(Native Method)
	at java.base/jdk.internal.reflect.NativeMethodAccessorImpl.invoke(NativeMethodAccessorImpl.java:77)
	at java.base/jdk.internal.reflect.DelegatingMethodAccessorImpl.invoke(DelegatingMethodAccessorImpl.java:43)
Caused by: com.kms.katalon.core.webui.exception.WebElementNotFoundException: Web element with id: 'Object Repository/Para Bank/Page_ParaBank  Open Account/select_CHECKING                  SAVINGS' located by '//select[@id='type']' not found
	at com.kms.katalon.core.webui.common.WebUiCommonHelper.findWebElement(WebUiCommonHelper.java:1379)
	at com.kms.katalon.core.webui.keyword.internal.WebUIAbstractKeyword.findWebElement(WebUIAbstractKeyword.groovy:27)
	at com.kms.katalon.core.webui.keyword.internal.WebUIAbstractKeyword.findWebElement(WebUIAbstractKeyword.groovy:26)
	at com.kms.katalon.core.webui.keyword.builtin.SelectOptionByValueKeyword$_selectOptionByValue_closure1.doCall(SelectOptionByValueKeyword.groovy:86)
	at com.kms.katalon.core.webui.keyword.builtin.SelectOptionByValueKeyword$_selectOptionByValue_closure1.call(SelectOptionByValueKeyword.groovy)
	at com.kms.katalon.core.webui.keyword.internal.WebUIKeywordMain.runKeyword(WebUIKeywordMain.groovy:20)
	at com.kms.katalon.core.webui.keyword.builtin.SelectOptionByValueKeyword.selectOptionByValue(SelectOptionByValueKeyword.groovy:99)
	at com.kms.katalon.core.webui.keyword.builtin.SelectOptionByValueKeyword.execute(SelectOptionByValueKeyword.groovy:71)
	at com.kms.katalon.core.keyword.internal.KeywordExecutor.executeKeywordForPlatform(KeywordExecutor.groovy:74)
	at com.kms.katalon.core.webui.keyword.WebUiBuiltInKeywords.selectOptionByValue(WebUiBuiltInKeywords.groovy:1207)
	at Script1705676946320.run(Script1705676946320.groovy:33)
	... 18 more
)

19-01-2024T23:04:10 - [MESSAGE][INFO] - Unable to find the element located by 'By.xpath: //select[@id='type']'. Please recheck the objects properties to make sure the desired element is located. 

19-01-2024T23:04:10 - [MESSAGE][WARNING] - [SELF-HEALING] Failed to find element with id 'Object Repository/Para Bank/Page_ParaBank  Open Account/select_CHECKING                  SAVINGS'. Try using Self-healing.

19-01-2024T23:04:15 - [MESSAGE][INFO] - [SELF-HEALING] Failed Locator: '//select[@id='type']'.

19-01-2024T23:04:23 - [MESSAGE][INFO] - [SELF-HEALING] Failed Locator: '//div[@id='rightPanel']/div/div/form/select'.

19-01-2024T23:04:28 - [MESSAGE][INFO] - [SELF-HEALING] Failed Locator: '//select'.

19-01-2024T23:04:38 - [MESSAGE][INFO] - [SELF-HEALING] Failed Locator: '//select[@id = 'type' and (text() = '
        
          CHECKING
        
          SAVINGS
        
      ' or . = '
        
          CHECKING
        
          SAVINGS
        
      ')]'.

19-01-2024T23:04:41 - [MESSAGE][INFO] - Unable to find the element located by 'By.xpath: //*[@id = 'type' and (text() = '
        
          CHECKING
        
          SAVINGS
        
      ' or . = '
        
          CHECKING
        
          SAVINGS
        
      ')]'. Please recheck the objects properties to make sure the desired element is located. 

19-01-2024T23:04:44 - [MESSAGE][INFO] - Unable to find the element located by 'By.cssSelector: #type'. Please recheck the objects properties to make sure the desired element is located. 

19-01-2024T23:04:48 - [MESSAGE][FAILED] - Unable to select option by value '1' of object 'Object Repository/Para Bank/Page_ParaBank  Open Account/select_CHECKING                  SAVINGS'  using regular expression (Root cause: com.kms.katalon.core.exception.StepFailedException: Unable to select option by value '1' of object 'Object Repository/Para Bank/Page_ParaBank  Open Account/select_CHECKING                  SAVINGS'  using regular expression
	at com.kms.katalon.core.webui.keyword.internal.WebUIKeywordMain.stepFailed(WebUIKeywordMain.groovy:64)
	at com.kms.katalon.core.webui.keyword.internal.WebUIKeywordMain.runKeyword(WebUIKeywordMain.groovy:26)
	at com.kms.katalon.core.webui.keyword.builtin.SelectOptionByValueKeyword.selectOptionByValue(SelectOptionByValueKeyword.groovy:99)
	at com.kms.katalon.core.webui.keyword.builtin.SelectOptionByValueKeyword.execute(SelectOptionByValueKeyword.groovy:71)
	at com.kms.katalon.core.keyword.internal.KeywordExecutor.executeKeywordForPlatform(KeywordExecutor.groovy:74)
	at com.kms.katalon.core.webui.keyword.WebUiBuiltInKeywords.selectOptionByValue(WebUiBuiltInKeywords.groovy:1207)
	at Open New Account.run(Open New Account:33)
	at com.kms.katalon.core.main.ScriptEngine.run(ScriptEngine.java:194)
	at com.kms.katalon.core.main.ScriptEngine.runScriptAsRawText(ScriptEngine.java:119)
	at com.kms.katalon.core.main.TestCaseExecutor.runScript(TestCaseExecutor.java:448)
	at com.kms.katalon.core.main.TestCaseExecutor.doExecute(TestCaseExecutor.java:439)
	at com.kms.katalon.core.main.TestCaseExecutor.processExecutionPhase(TestCaseExecutor.java:418)
	at com.kms.katalon.core.main.TestCaseExecutor.accessMainPhase(TestCaseExecutor.java:410)
	at com.kms.katalon.core.main.TestCaseExecutor.execute(TestCaseExecutor.java:285)
	at com.kms.katalon.core.main.TestCaseExecutor.execute(TestCaseExecutor.java:369)
	at com.kms.katalon.core.main.TestCaseExecutor.execute(TestCaseExecutor.java:369)
	at com.kms.katalon.core.main.TestCaseExecutor.execute(TestCaseExecutor.java:369)
	at com.kms.katalon.core.common.CommonExecutor.accessTestCaseMainPhase(CommonExecutor.java:65)
	at com.kms.katalon.core.main.TestSuiteExecutor.accessTestSuiteMainPhase(TestSuiteExecutor.java:148)
	at com.kms.katalon.core.main.TestSuiteExecutor.execute(TestSuiteExecutor.java:106)
	at com.kms.katalon.core.main.TestCaseMain.startTestSuite(TestCaseMain.java:180)
	at TempTestSuite1705678734239.run(TempTestSuite1705678734239.groovy:36)
	at java.base/jdk.internal.reflect.NativeMethodAccessorImpl.invoke0(Native Method)
	at java.base/jdk.internal.reflect.NativeMethodAccessorImpl.invoke(NativeMethodAccessorImpl.java:77)
	at java.base/jdk.internal.reflect.DelegatingMethodAccessorImpl.invoke(DelegatingMethodAccessorImpl.java:43)
Caused by: com.kms.katalon.core.webui.exception.WebElementNotFoundException: Web element with id: 'Object Repository/Para Bank/Page_ParaBank  Open Account/select_CHECKING                  SAVINGS' located by '//select[@id='type']' not found
	at com.kms.katalon.core.webui.common.WebUiCommonHelper.findWebElement(WebUiCommonHelper.java:1379)
	at com.kms.katalon.core.webui.keyword.internal.WebUIAbstractKeyword.findWebElement(WebUIAbstractKeyword.groovy:27)
	at com.kms.katalon.core.webui.keyword.internal.WebUIAbstractKeyword.findWebElement(WebUIAbstractKeyword.groovy:26)
	at com.kms.katalon.core.webui.keyword.builtin.SelectOptionByValueKeyword$_selectOptionByValue_closure1.doCall(SelectOptionByValueKeyword.groovy:86)
	at com.kms.katalon.core.webui.keyword.builtin.SelectOptionByValueKeyword$_selectOptionByValue_closure1.call(SelectOptionByValueKeyword.groovy)
	at com.kms.katalon.core.webui.keyword.internal.WebUIKeywordMain.runKeyword(WebUIKeywordMain.groovy:20)
	at com.kms.katalon.core.webui.keyword.builtin.SelectOptionByValueKeyword.selectOptionByValue(SelectOptionByValueKeyword.groovy:99)
	at com.kms.katalon.core.webui.keyword.builtin.SelectOptionByValueKeyword.execute(SelectOptionByValueKeyword.groovy:71)
	at com.kms.katalon.core.keyword.internal.KeywordExecutor.executeKeywordForPlatform(KeywordExecutor.groovy:74)
	at com.kms.katalon.core.webui.keyword.WebUiBuiltInKeywords.selectOptionByValue(WebUiBuiltInKeywords.groovy:1207)
	at Script1705676946320.run(Script1705676946320.groovy:33)
	... 18 more
)
[[ATTACHMENT|C:\\Users\\0767\\Katalon Studio\\ProjectIGLO\\Reports\\20240119_223851\\Test Suites\\Para Bank\\20240119_223854\\1705680284369.png]]]]></system-out>
         <system-err><![CDATA[19-01-2024T23:01:09 - [TEST_CASE][FAILED] - Test Cases/Para Bank/Open New Account: Test Cases/Para Bank/Open New Account FAILED.
Reason:
com.kms.katalon.core.exception.StepFailedException: Unable to select option by value '1' of object 'Object Repository/Para Bank/Page_ParaBank  Open Account/select_CHECKING                  SAVINGS'  using regular expression
	at com.kms.katalon.core.webui.keyword.internal.WebUIKeywordMain.stepFailed(WebUIKeywordMain.groovy:64)
	at com.kms.katalon.core.webui.keyword.internal.WebUIKeywordMain.runKeyword(WebUIKeywordMain.groovy:26)
	at com.kms.katalon.core.webui.keyword.builtin.SelectOptionByValueKeyword.selectOptionByValue(SelectOptionByValueKeyword.groovy:99)
	at com.kms.katalon.core.webui.keyword.builtin.SelectOptionByValueKeyword.execute(SelectOptionByValueKeyword.groovy:71)
	at com.kms.katalon.core.keyword.internal.KeywordExecutor.executeKeywordForPlatform(KeywordExecutor.groovy:74)
	at com.kms.katalon.core.webui.keyword.WebUiBuiltInKeywords.selectOptionByValue(WebUiBuiltInKeywords.groovy:1207)
	at Open New Account.run(Open New Account:33)
	at com.kms.katalon.core.main.ScriptEngine.run(ScriptEngine.java:194)
	at com.kms.katalon.core.main.ScriptEngine.runScriptAsRawText(ScriptEngine.java:119)
	at com.kms.katalon.core.main.TestCaseExecutor.runScript(TestCaseExecutor.java:448)
	at com.kms.katalon.core.main.TestCaseExecutor.doExecute(TestCaseExecutor.java:439)
	at com.kms.katalon.core.main.TestCaseExecutor.processExecutionPhase(TestCaseExecutor.java:418)
	at com.kms.katalon.core.main.TestCaseExecutor.accessMainPhase(TestCaseExecutor.java:410)
	at com.kms.katalon.core.main.TestCaseExecutor.execute(TestCaseExecutor.java:285)
	at com.kms.katalon.core.main.TestCaseExecutor.execute(TestCaseExecutor.java:369)
	at com.kms.katalon.core.main.TestCaseExecutor.execute(TestCaseExecutor.java:369)
	at com.kms.katalon.core.main.TestCaseExecutor.execute(TestCaseExecutor.java:369)
	at com.kms.katalon.core.common.CommonExecutor.accessTestCaseMainPhase(CommonExecutor.java:65)
	at com.kms.katalon.core.main.TestSuiteExecutor.accessTestSuiteMainPhase(TestSuiteExecutor.java:148)
	at com.kms.katalon.core.main.TestSuiteExecutor.execute(TestSuiteExecutor.java:106)
	at com.kms.katalon.core.main.TestCaseMain.startTestSuite(TestCaseMain.java:180)
	at TempTestSuite1705678734239.run(TempTestSuite1705678734239.groovy:36)
	at java.base/jdk.internal.reflect.NativeMethodAccessorImpl.invoke0(Native Method)
	at java.base/jdk.internal.reflect.NativeMethodAccessorImpl.invoke(NativeMethodAccessorImpl.java:77)
	at java.base/jdk.internal.reflect.DelegatingMethodAccessorImpl.invoke(DelegatingMethodAccessorImpl.java:43)
Caused by: com.kms.katalon.core.webui.exception.WebElementNotFoundException: Web element with id: 'Object Repository/Para Bank/Page_ParaBank  Open Account/select_CHECKING                  SAVINGS' located by '//select[@id='type']' not found
	at com.kms.katalon.core.webui.common.WebUiCommonHelper.findWebElement(WebUiCommonHelper.java:1379)
	at com.kms.katalon.core.webui.keyword.internal.WebUIAbstractKeyword.findWebElement(WebUIAbstractKeyword.groovy:27)
	at com.kms.katalon.core.webui.keyword.internal.WebUIAbstractKeyword.findWebElement(WebUIAbstractKeyword.groovy:26)
	at com.kms.katalon.core.webui.keyword.builtin.SelectOptionByValueKeyword$_selectOptionByValue_closure1.doCall(SelectOptionByValueKeyword.groovy:86)
	at com.kms.katalon.core.webui.keyword.builtin.SelectOptionByValueKeyword$_selectOptionByValue_closure1.call(SelectOptionByValueKeyword.groovy)
	at com.kms.katalon.core.webui.keyword.internal.WebUIKeywordMain.runKeyword(WebUIKeywordMain.groovy:20)
	... 23 more]]></system-err>
      </testcase>
      <testcase name="Test Cases/Para Bank/Account Overview" time="165.536" classname="Test Cases/Para Bank/Account Overview" status="FAILED">
         <failure type="FAILED" message="Test Cases/Para Bank/Account Overview FAILED.&#xa;Reason:&#xa;com.kms.katalon.core.exception.StepFailedException: Unable to click on object 'Object Repository/Para Bank/Page_ParaBank  Accounts Overview/b_5000.00'&#xa;	at com.kms.katalon.core.webui.keyword.internal.WebUIKeywordMain.stepFailed(WebUIKeywordMain.groovy:64)&#xa;	at com.kms.katalon.core.webui.keyword.internal.WebUIKeywordMain.runKeyword(WebUIKeywordMain.groovy:26)&#xa;	at com.kms.katalon.core.webui.keyword.builtin.ClickKeyword.click(ClickKeyword.groovy:74)&#xa;	at com.kms.katalon.core.webui.keyword.builtin.ClickKeyword.execute(ClickKeyword.groovy:40)&#xa;	at com.kms.katalon.core.keyword.internal.KeywordExecutor.executeKeywordForPlatform(KeywordExecutor.groovy:74)&#xa;	at com.kms.katalon.core.webui.keyword.WebUiBuiltInKeywords.click(WebUiBuiltInKeywords.groovy:659)&#xa;	at Account Overview.run(Account Overview:33)&#xa;	at com.kms.katalon.core.main.ScriptEngine.run(ScriptEngine.java:194)&#xa;	at com.kms.katalon.core.main.ScriptEngine.runScriptAsRawText(ScriptEngine.java:119)&#xa;	at com.kms.katalon.core.main.TestCaseExecutor.runScript(TestCaseExecutor.java:448)&#xa;	at com.kms.katalon.core.main.TestCaseExecutor.doExecute(TestCaseExecutor.java:439)&#xa;	at com.kms.katalon.core.main.TestCaseExecutor.processExecutionPhase(TestCaseExecutor.java:418)&#xa;	at com.kms.katalon.core.main.TestCaseExecutor.accessMainPhase(TestCaseExecutor.java:410)&#xa;	at com.kms.katalon.core.main.TestCaseExecutor.execute(TestCaseExecutor.java:285)&#xa;	at com.kms.katalon.core.main.TestCaseExecutor.execute(TestCaseExecutor.java:369)&#xa;	at com.kms.katalon.core.main.TestCaseExecutor.execute(TestCaseExecutor.java:369)&#xa;	at com.kms.katalon.core.main.TestCaseExecutor.execute(TestCaseExecutor.java:369)&#xa;	at com.kms.katalon.core.common.CommonExecutor.accessTestCaseMainPhase(CommonExecutor.java:65)&#xa;	at com.kms.katalon.core.main.TestSuiteExecutor.accessTestSuiteMainPhase(TestSuiteExecutor.java:148)&#xa;	at com.kms.katalon.core.main.TestSuiteExecutor.execute(TestSuiteExecutor.java:106)&#xa;	at com.kms.katalon.core.main.TestCaseMain.startTestSuite(TestCaseMain.java:180)&#xa;	at TempTestSuite1705678734239.run(TempTestSuite1705678734239.groovy:36)&#xa;	at java.base/jdk.internal.reflect.NativeMethodAccessorImpl.invoke0(Native Method)&#xa;	at java.base/jdk.internal.reflect.NativeMethodAccessorImpl.invoke(NativeMethodAccessorImpl.java:77)&#xa;	at java.base/jdk.internal.reflect.DelegatingMethodAccessorImpl.invoke(DelegatingMethodAccessorImpl.java:43)&#xa;Caused by: com.kms.katalon.core.webui.exception.WebElementNotFoundException: Web element with id: 'Object Repository/Para Bank/Page_ParaBank  Accounts Overview/b_5000.00' located by '//table[@id='accountTable']/tbody/tr[3]/td[2]/b' not found&#xa;	at com.kms.katalon.core.webui.common.WebUiCommonHelper.findWebElement(WebUiCommonHelper.java:1379)&#xa;	at com.kms.katalon.core.webui.keyword.internal.WebUIAbstractKeyword.findWebElement(WebUIAbstractKeyword.groovy:27)&#xa;	at com.kms.katalon.core.webui.keyword.builtin.ClickKeyword$_click_closure1.doCall(ClickKeyword.groovy:65)&#xa;	at com.kms.katalon.core.webui.keyword.builtin.ClickKeyword$_click_closure1.call(ClickKeyword.groovy)&#xa;	at com.kms.katalon.core.webui.keyword.internal.WebUIKeywordMain.runKeyword(WebUIKeywordMain.groovy:20)&#xa;	... 23 more&#xa;"/>
         <system-out><![CDATA[19-01-2024T23:13:26 - [TEST_CASE][FAILED] - Test Cases/Para Bank/Account Overview: Test Cases/Para Bank/Account Overview FAILED.
Reason:
com.kms.katalon.core.exception.StepFailedException: Unable to click on object 'Object Repository/Para Bank/Page_ParaBank  Accounts Overview/b_5000.00'
	at com.kms.katalon.core.webui.keyword.internal.WebUIKeywordMain.stepFailed(WebUIKeywordMain.groovy:64)
	at com.kms.katalon.core.webui.keyword.internal.WebUIKeywordMain.runKeyword(WebUIKeywordMain.groovy:26)
	at com.kms.katalon.core.webui.keyword.builtin.ClickKeyword.click(ClickKeyword.groovy:74)
	at com.kms.katalon.core.webui.keyword.builtin.ClickKeyword.execute(ClickKeyword.groovy:40)
	at com.kms.katalon.core.keyword.internal.KeywordExecutor.executeKeywordForPlatform(KeywordExecutor.groovy:74)
	at com.kms.katalon.core.webui.keyword.WebUiBuiltInKeywords.click(WebUiBuiltInKeywords.groovy:659)
	at Account Overview.run(Account Overview:33)
	at com.kms.katalon.core.main.ScriptEngine.run(ScriptEngine.java:194)
	at com.kms.katalon.core.main.ScriptEngine.runScriptAsRawText(ScriptEngine.java:119)
	at com.kms.katalon.core.main.TestCaseExecutor.runScript(TestCaseExecutor.java:448)
	at com.kms.katalon.core.main.TestCaseExecutor.doExecute(TestCaseExecutor.java:439)
	at com.kms.katalon.core.main.TestCaseExecutor.processExecutionPhase(TestCaseExecutor.java:418)
	at com.kms.katalon.core.main.TestCaseExecutor.accessMainPhase(TestCaseExecutor.java:410)
	at com.kms.katalon.core.main.TestCaseExecutor.execute(TestCaseExecutor.java:285)
	at com.kms.katalon.core.main.TestCaseExecutor.execute(TestCaseExecutor.java:369)
	at com.kms.katalon.core.main.TestCaseExecutor.execute(TestCaseExecutor.java:369)
	at com.kms.katalon.core.main.TestCaseExecutor.execute(TestCaseExecutor.java:369)
	at com.kms.katalon.core.common.CommonExecutor.accessTestCaseMainPhase(CommonExecutor.java:65)
	at com.kms.katalon.core.main.TestSuiteExecutor.accessTestSuiteMainPhase(TestSuiteExecutor.java:148)
	at com.kms.katalon.core.main.TestSuiteExecutor.execute(TestSuiteExecutor.java:106)
	at com.kms.katalon.core.main.TestCaseMain.startTestSuite(TestCaseMain.java:180)
	at TempTestSuite1705678734239.run(TempTestSuite1705678734239.groovy:36)
	at java.base/jdk.internal.reflect.NativeMethodAccessorImpl.invoke0(Native Method)
	at java.base/jdk.internal.reflect.NativeMethodAccessorImpl.invoke(NativeMethodAccessorImpl.java:77)
	at java.base/jdk.internal.reflect.DelegatingMethodAccessorImpl.invoke(DelegatingMethodAccessorImpl.java:43)
Caused by: com.kms.katalon.core.webui.exception.WebElementNotFoundException: Web element with id: 'Object Repository/Para Bank/Page_ParaBank  Accounts Overview/b_5000.00' located by '//table[@id='accountTable']/tbody/tr[3]/td[2]/b' not found
	at com.kms.katalon.core.webui.common.WebUiCommonHelper.findWebElement(WebUiCommonHelper.java:1379)
	at com.kms.katalon.core.webui.keyword.internal.WebUIAbstractKeyword.findWebElement(WebUIAbstractKeyword.groovy:27)
	at com.kms.katalon.core.webui.keyword.builtin.ClickKeyword$_click_closure1.doCall(ClickKeyword.groovy:65)
	at com.kms.katalon.core.webui.keyword.builtin.ClickKeyword$_click_closure1.call(ClickKeyword.groovy)
	at com.kms.katalon.core.webui.keyword.internal.WebUIKeywordMain.runKeyword(WebUIKeywordMain.groovy:20)
	... 23 more


19-01-2024T23:13:26 - [TEST_STEP][PASSED] - openBrowser(""): Browser is opened with url: ''

19-01-2024T23:13:26 - [MESSAGE][WARNING] - A browser is already opened. Closing browser and opening a new one

19-01-2024T23:13:27 - [MESSAGE][INFO] - User set preference: ['browserName', 'chrome']

19-01-2024T23:13:27 - [MESSAGE][INFO] - User set preference: ['platformName', 'Android']

19-01-2024T23:13:27 - [MESSAGE][INFO] - User set preference: ['browserVersion', 'latest']

19-01-2024T23:13:27 - [MESSAGE][INFO] - User set preference: ['deviceName', 'Google Google Pixel 5']

19-01-2024T23:13:27 - [MESSAGE][INFO] - User set preference: ['platformVersion', '14']

19-01-2024T23:13:27 - [MESSAGE][INFO] - User set preference: ['deviceId', 'google_pixel_5']

19-01-2024T23:13:27 - [MESSAGE][INFO] - User set preference: ['katalon:option', '{organizationId=1378380, tunnelId=, deviceVersion=14, deviceId=google_pixel_5, usingTunnel=false}']

19-01-2024T23:13:27 - [MESSAGE][INFO] - Connecting to remote web server 'testcloud.katalon.com/hub' with type 'Selenium'

19-01-2024T23:13:27 - [MESSAGE][INFO] - Action delay is set to 0 milliseconds

19-01-2024T23:14:18 - [MESSAGE][PASSED] - Browser is opened with url: ''

19-01-2024T23:14:18 - [TEST_STEP][PASSED] - navigateToUrl("https://parabank.parasoft.com/parabank/index.htm"): Navigate to 'https://parabank.parasoft.com/parabank/index.htm' successfully

19-01-2024T23:14:20 - [MESSAGE][PASSED] - Navigate to 'https://parabank.parasoft.com/parabank/index.htm' successfully

19-01-2024T23:14:20 - [TEST_STEP][PASSED] - setText(findTestObject("Object Repository/Para Bank/Page_ParaBank  Welcome  Online Banking/input_username"), "asep"): Text 'asep' is set on object 'Object Repository/Para Bank/Page_ParaBank  Welcome  Online Banking/input_username'

19-01-2024T23:14:29 - [MESSAGE][PASSED] - Text 'asep' is set on object 'Object Repository/Para Bank/Page_ParaBank  Welcome  Online Banking/input_username'

19-01-2024T23:14:29 - [TEST_STEP][PASSED] - setEncryptedText(findTestObject("Object Repository/Para Bank/Page_ParaBank  Welcome  Online Banking/input_password"), "amhbjqpz+W+cUhleMTuzlg=="): Text ****** has been set on object 'Object Repository/Para Bank/Page_ParaBank  Welcome  Online Banking/input_password'

19-01-2024T23:14:35 - [MESSAGE][PASSED] - Text ****** has been set on object 'Object Repository/Para Bank/Page_ParaBank  Welcome  Online Banking/input_password'

19-01-2024T23:14:35 - [TEST_STEP][PASSED] - click(findTestObject("Object Repository/Para Bank/Page_ParaBank  Welcome  Online Banking/input_button")): Object: 'Object Repository/Para Bank/Page_ParaBank  Welcome  Online Banking/input_button' is clicked on

19-01-2024T23:14:40 - [MESSAGE][PASSED] - Object: 'Object Repository/Para Bank/Page_ParaBank  Welcome  Online Banking/input_button' is clicked on

19-01-2024T23:14:40 - [TEST_STEP][PASSED] - click(findTestObject("Object Repository/Para Bank/Page_ParaBank  Accounts Overview/a_Accounts Overview")): Object: 'Object Repository/Para Bank/Page_ParaBank  Accounts Overview/a_Accounts Overview' is clicked on

19-01-2024T23:15:12 - [MESSAGE][INFO] - Unable to find the element located by 'By.xpath: //div[@id='leftPanel']/ul/li[2]/a'. Please recheck the objects properties to make sure the desired element is located. 

19-01-2024T23:15:12 - [MESSAGE][WARNING] - [SELF-HEALING] Failed to find element with id 'Object Repository/Para Bank/Page_ParaBank  Accounts Overview/a_Accounts Overview'. Try using Self-healing.

19-01-2024T23:15:16 - [MESSAGE][WARNING] - [SELF-HEALING] The current locator of test object 'Object Repository/Para Bank/Page_ParaBank  Accounts Overview/a_Accounts Overview' was broken. Propose an alternative one: '//div[3]/div/ul/li[2]/a'.

19-01-2024T23:15:19 - [MESSAGE][PASSED] - Object: 'Object Repository/Para Bank/Page_ParaBank  Accounts Overview/a_Accounts Overview' is clicked on

19-01-2024T23:15:19 - [TEST_STEP][FAILED] - click(findTestObject("Object Repository/Para Bank/Page_ParaBank  Accounts Overview/b_5000.00")): Unable to click on object 'Object Repository/Para Bank/Page_ParaBank  Accounts Overview/b_5000.00' (Root cause: com.kms.katalon.core.exception.StepFailedException: Unable to click on object 'Object Repository/Para Bank/Page_ParaBank  Accounts Overview/b_5000.00'
	at com.kms.katalon.core.webui.keyword.internal.WebUIKeywordMain.stepFailed(WebUIKeywordMain.groovy:64)
	at com.kms.katalon.core.webui.keyword.internal.WebUIKeywordMain.runKeyword(WebUIKeywordMain.groovy:26)
	at com.kms.katalon.core.webui.keyword.builtin.ClickKeyword.click(ClickKeyword.groovy:74)
	at com.kms.katalon.core.webui.keyword.builtin.ClickKeyword.execute(ClickKeyword.groovy:40)
	at com.kms.katalon.core.keyword.internal.KeywordExecutor.executeKeywordForPlatform(KeywordExecutor.groovy:74)
	at com.kms.katalon.core.webui.keyword.WebUiBuiltInKeywords.click(WebUiBuiltInKeywords.groovy:659)
	at Account Overview.run(Account Overview:33)
	at com.kms.katalon.core.main.ScriptEngine.run(ScriptEngine.java:194)
	at com.kms.katalon.core.main.ScriptEngine.runScriptAsRawText(ScriptEngine.java:119)
	at com.kms.katalon.core.main.TestCaseExecutor.runScript(TestCaseExecutor.java:448)
	at com.kms.katalon.core.main.TestCaseExecutor.doExecute(TestCaseExecutor.java:439)
	at com.kms.katalon.core.main.TestCaseExecutor.processExecutionPhase(TestCaseExecutor.java:418)
	at com.kms.katalon.core.main.TestCaseExecutor.accessMainPhase(TestCaseExecutor.java:410)
	at com.kms.katalon.core.main.TestCaseExecutor.execute(TestCaseExecutor.java:285)
	at com.kms.katalon.core.main.TestCaseExecutor.execute(TestCaseExecutor.java:369)
	at com.kms.katalon.core.main.TestCaseExecutor.execute(TestCaseExecutor.java:369)
	at com.kms.katalon.core.main.TestCaseExecutor.execute(TestCaseExecutor.java:369)
	at com.kms.katalon.core.common.CommonExecutor.accessTestCaseMainPhase(CommonExecutor.java:65)
	at com.kms.katalon.core.main.TestSuiteExecutor.accessTestSuiteMainPhase(TestSuiteExecutor.java:148)
	at com.kms.katalon.core.main.TestSuiteExecutor.execute(TestSuiteExecutor.java:106)
	at com.kms.katalon.core.main.TestCaseMain.startTestSuite(TestCaseMain.java:180)
	at TempTestSuite1705678734239.run(TempTestSuite1705678734239.groovy:36)
	at java.base/jdk.internal.reflect.NativeMethodAccessorImpl.invoke0(Native Method)
	at java.base/jdk.internal.reflect.NativeMethodAccessorImpl.invoke(NativeMethodAccessorImpl.java:77)
	at java.base/jdk.internal.reflect.DelegatingMethodAccessorImpl.invoke(DelegatingMethodAccessorImpl.java:43)
Caused by: com.kms.katalon.core.webui.exception.WebElementNotFoundException: Web element with id: 'Object Repository/Para Bank/Page_ParaBank  Accounts Overview/b_5000.00' located by '//table[@id='accountTable']/tbody/tr[3]/td[2]/b' not found
	at com.kms.katalon.core.webui.common.WebUiCommonHelper.findWebElement(WebUiCommonHelper.java:1379)
	at com.kms.katalon.core.webui.keyword.internal.WebUIAbstractKeyword.findWebElement(WebUIAbstractKeyword.groovy:27)
	at com.kms.katalon.core.webui.keyword.builtin.ClickKeyword$_click_closure1.doCall(ClickKeyword.groovy:65)
	at com.kms.katalon.core.webui.keyword.builtin.ClickKeyword$_click_closure1.call(ClickKeyword.groovy)
	at com.kms.katalon.core.webui.keyword.internal.WebUIKeywordMain.runKeyword(WebUIKeywordMain.groovy:20)
	at com.kms.katalon.core.webui.keyword.builtin.ClickKeyword.click(ClickKeyword.groovy:74)
	at com.kms.katalon.core.webui.keyword.builtin.ClickKeyword.execute(ClickKeyword.groovy:40)
	at com.kms.katalon.core.keyword.internal.KeywordExecutor.executeKeywordForPlatform(KeywordExecutor.groovy:74)
	at com.kms.katalon.core.webui.keyword.WebUiBuiltInKeywords.click(WebUiBuiltInKeywords.groovy:659)
	at Script1705676996568.run(Script1705676996568.groovy:33)
	... 18 more
)

19-01-2024T23:15:50 - [MESSAGE][INFO] - Unable to find the element located by 'By.xpath: //table[@id='accountTable']/tbody/tr[3]/td[2]/b'. Please recheck the objects properties to make sure the desired element is located. 

19-01-2024T23:15:50 - [MESSAGE][WARNING] - [SELF-HEALING] Failed to find element with id 'Object Repository/Para Bank/Page_ParaBank  Accounts Overview/b_5000.00'. Try using Self-healing.

19-01-2024T23:15:54 - [MESSAGE][INFO] - Unable to find the element located by 'By.xpath: //td[2]/b'. Please recheck the objects properties to make sure the desired element is located. 

19-01-2024T23:15:56 - [MESSAGE][INFO] - [SELF-HEALING] Failed Locator: '//table[@id='accountTable']/tbody/tr[3]/td[2]/b'.

19-01-2024T23:15:58 - [MESSAGE][INFO] - [SELF-HEALING] Failed Locator: '//td[2]/b'.

19-01-2024T23:16:00 - [MESSAGE][INFO] - [SELF-HEALING] Failed Locator: '//b[(text() = '$5000.00' or . = '$5000.00')]'.

19-01-2024T23:16:03 - [MESSAGE][INFO] - Unable to find the element located by 'By.xpath: //*[(text() = '$5000.00' or . = '$5000.00')]'. Please recheck the objects properties to make sure the desired element is located. 

19-01-2024T23:16:06 - [MESSAGE][INFO] - Unable to find the element located by 'By.cssSelector: b.ng-binding'. Please recheck the objects properties to make sure the desired element is located. 

19-01-2024T23:16:12 - [MESSAGE][FAILED] - Unable to click on object 'Object Repository/Para Bank/Page_ParaBank  Accounts Overview/b_5000.00' (Root cause: com.kms.katalon.core.exception.StepFailedException: Unable to click on object 'Object Repository/Para Bank/Page_ParaBank  Accounts Overview/b_5000.00'
	at com.kms.katalon.core.webui.keyword.internal.WebUIKeywordMain.stepFailed(WebUIKeywordMain.groovy:64)
	at com.kms.katalon.core.webui.keyword.internal.WebUIKeywordMain.runKeyword(WebUIKeywordMain.groovy:26)
	at com.kms.katalon.core.webui.keyword.builtin.ClickKeyword.click(ClickKeyword.groovy:74)
	at com.kms.katalon.core.webui.keyword.builtin.ClickKeyword.execute(ClickKeyword.groovy:40)
	at com.kms.katalon.core.keyword.internal.KeywordExecutor.executeKeywordForPlatform(KeywordExecutor.groovy:74)
	at com.kms.katalon.core.webui.keyword.WebUiBuiltInKeywords.click(WebUiBuiltInKeywords.groovy:659)
	at Account Overview.run(Account Overview:33)
	at com.kms.katalon.core.main.ScriptEngine.run(ScriptEngine.java:194)
	at com.kms.katalon.core.main.ScriptEngine.runScriptAsRawText(ScriptEngine.java:119)
	at com.kms.katalon.core.main.TestCaseExecutor.runScript(TestCaseExecutor.java:448)
	at com.kms.katalon.core.main.TestCaseExecutor.doExecute(TestCaseExecutor.java:439)
	at com.kms.katalon.core.main.TestCaseExecutor.processExecutionPhase(TestCaseExecutor.java:418)
	at com.kms.katalon.core.main.TestCaseExecutor.accessMainPhase(TestCaseExecutor.java:410)
	at com.kms.katalon.core.main.TestCaseExecutor.execute(TestCaseExecutor.java:285)
	at com.kms.katalon.core.main.TestCaseExecutor.execute(TestCaseExecutor.java:369)
	at com.kms.katalon.core.main.TestCaseExecutor.execute(TestCaseExecutor.java:369)
	at com.kms.katalon.core.main.TestCaseExecutor.execute(TestCaseExecutor.java:369)
	at com.kms.katalon.core.common.CommonExecutor.accessTestCaseMainPhase(CommonExecutor.java:65)
	at com.kms.katalon.core.main.TestSuiteExecutor.accessTestSuiteMainPhase(TestSuiteExecutor.java:148)
	at com.kms.katalon.core.main.TestSuiteExecutor.execute(TestSuiteExecutor.java:106)
	at com.kms.katalon.core.main.TestCaseMain.startTestSuite(TestCaseMain.java:180)
	at TempTestSuite1705678734239.run(TempTestSuite1705678734239.groovy:36)
	at java.base/jdk.internal.reflect.NativeMethodAccessorImpl.invoke0(Native Method)
	at java.base/jdk.internal.reflect.NativeMethodAccessorImpl.invoke(NativeMethodAccessorImpl.java:77)
	at java.base/jdk.internal.reflect.DelegatingMethodAccessorImpl.invoke(DelegatingMethodAccessorImpl.java:43)
Caused by: com.kms.katalon.core.webui.exception.WebElementNotFoundException: Web element with id: 'Object Repository/Para Bank/Page_ParaBank  Accounts Overview/b_5000.00' located by '//table[@id='accountTable']/tbody/tr[3]/td[2]/b' not found
	at com.kms.katalon.core.webui.common.WebUiCommonHelper.findWebElement(WebUiCommonHelper.java:1379)
	at com.kms.katalon.core.webui.keyword.internal.WebUIAbstractKeyword.findWebElement(WebUIAbstractKeyword.groovy:27)
	at com.kms.katalon.core.webui.keyword.builtin.ClickKeyword$_click_closure1.doCall(ClickKeyword.groovy:65)
	at com.kms.katalon.core.webui.keyword.builtin.ClickKeyword$_click_closure1.call(ClickKeyword.groovy)
	at com.kms.katalon.core.webui.keyword.internal.WebUIKeywordMain.runKeyword(WebUIKeywordMain.groovy:20)
	at com.kms.katalon.core.webui.keyword.builtin.ClickKeyword.click(ClickKeyword.groovy:74)
	at com.kms.katalon.core.webui.keyword.builtin.ClickKeyword.execute(ClickKeyword.groovy:40)
	at com.kms.katalon.core.keyword.internal.KeywordExecutor.executeKeywordForPlatform(KeywordExecutor.groovy:74)
	at com.kms.katalon.core.webui.keyword.WebUiBuiltInKeywords.click(WebUiBuiltInKeywords.groovy:659)
	at Script1705676996568.run(Script1705676996568.groovy:33)
	... 18 more
)
[[ATTACHMENT|C:\\Users\\0767\\Katalon Studio\\ProjectIGLO\\Reports\\20240119_223851\\Test Suites\\Para Bank\\20240119_223854\\1705680966020.png]]]]></system-out>
         <system-err><![CDATA[19-01-2024T23:13:26 - [TEST_CASE][FAILED] - Test Cases/Para Bank/Account Overview: Test Cases/Para Bank/Account Overview FAILED.
Reason:
com.kms.katalon.core.exception.StepFailedException: Unable to click on object 'Object Repository/Para Bank/Page_ParaBank  Accounts Overview/b_5000.00'
	at com.kms.katalon.core.webui.keyword.internal.WebUIKeywordMain.stepFailed(WebUIKeywordMain.groovy:64)
	at com.kms.katalon.core.webui.keyword.internal.WebUIKeywordMain.runKeyword(WebUIKeywordMain.groovy:26)
	at com.kms.katalon.core.webui.keyword.builtin.ClickKeyword.click(ClickKeyword.groovy:74)
	at com.kms.katalon.core.webui.keyword.builtin.ClickKeyword.execute(ClickKeyword.groovy:40)
	at com.kms.katalon.core.keyword.internal.KeywordExecutor.executeKeywordForPlatform(KeywordExecutor.groovy:74)
	at com.kms.katalon.core.webui.keyword.WebUiBuiltInKeywords.click(WebUiBuiltInKeywords.groovy:659)
	at Account Overview.run(Account Overview:33)
	at com.kms.katalon.core.main.ScriptEngine.run(ScriptEngine.java:194)
	at com.kms.katalon.core.main.ScriptEngine.runScriptAsRawText(ScriptEngine.java:119)
	at com.kms.katalon.core.main.TestCaseExecutor.runScript(TestCaseExecutor.java:448)
	at com.kms.katalon.core.main.TestCaseExecutor.doExecute(TestCaseExecutor.java:439)
	at com.kms.katalon.core.main.TestCaseExecutor.processExecutionPhase(TestCaseExecutor.java:418)
	at com.kms.katalon.core.main.TestCaseExecutor.accessMainPhase(TestCaseExecutor.java:410)
	at com.kms.katalon.core.main.TestCaseExecutor.execute(TestCaseExecutor.java:285)
	at com.kms.katalon.core.main.TestCaseExecutor.execute(TestCaseExecutor.java:369)
	at com.kms.katalon.core.main.TestCaseExecutor.execute(TestCaseExecutor.java:369)
	at com.kms.katalon.core.main.TestCaseExecutor.execute(TestCaseExecutor.java:369)
	at com.kms.katalon.core.common.CommonExecutor.accessTestCaseMainPhase(CommonExecutor.java:65)
	at com.kms.katalon.core.main.TestSuiteExecutor.accessTestSuiteMainPhase(TestSuiteExecutor.java:148)
	at com.kms.katalon.core.main.TestSuiteExecutor.execute(TestSuiteExecutor.java:106)
	at com.kms.katalon.core.main.TestCaseMain.startTestSuite(TestCaseMain.java:180)
	at TempTestSuite1705678734239.run(TempTestSuite1705678734239.groovy:36)
	at java.base/jdk.internal.reflect.NativeMethodAccessorImpl.invoke0(Native Method)
	at java.base/jdk.internal.reflect.NativeMethodAccessorImpl.invoke(NativeMethodAccessorImpl.java:77)
	at java.base/jdk.internal.reflect.DelegatingMethodAccessorImpl.invoke(DelegatingMethodAccessorImpl.java:43)
Caused by: com.kms.katalon.core.webui.exception.WebElementNotFoundException: Web element with id: 'Object Repository/Para Bank/Page_ParaBank  Accounts Overview/b_5000.00' located by '//table[@id='accountTable']/tbody/tr[3]/td[2]/b' not found
	at com.kms.katalon.core.webui.common.WebUiCommonHelper.findWebElement(WebUiCommonHelper.java:1379)
	at com.kms.katalon.core.webui.keyword.internal.WebUIAbstractKeyword.findWebElement(WebUIAbstractKeyword.groovy:27)
	at com.kms.katalon.core.webui.keyword.builtin.ClickKeyword$_click_closure1.doCall(ClickKeyword.groovy:65)
	at com.kms.katalon.core.webui.keyword.builtin.ClickKeyword$_click_closure1.call(ClickKeyword.groovy)
	at com.kms.katalon.core.webui.keyword.internal.WebUIKeywordMain.runKeyword(WebUIKeywordMain.groovy:20)
	... 23 more]]></system-err>
      </testcase>
      <testcase name="Test Cases/Para Bank/Transfer Funds" time="293.338" classname="Test Cases/Para Bank/Transfer Funds" status="FAILED">
         <failure type="FAILED" message="Test Cases/Para Bank/Transfer Funds FAILED.&#xa;Reason:&#xa;com.kms.katalon.core.exception.StepFailedException: Unable to select option by value '32436' of object 'Object Repository/Para Bank/Page_ParaBank  Transfer Funds/select_3243632547'  using regular expression&#xa;	at com.kms.katalon.core.webui.keyword.internal.WebUIKeywordMain.stepFailed(WebUIKeywordMain.groovy:64)&#xa;	at com.kms.katalon.core.webui.keyword.internal.WebUIKeywordMain.runKeyword(WebUIKeywordMain.groovy:26)&#xa;	at com.kms.katalon.core.webui.keyword.builtin.SelectOptionByValueKeyword.selectOptionByValue(SelectOptionByValueKeyword.groovy:99)&#xa;	at com.kms.katalon.core.webui.keyword.builtin.SelectOptionByValueKeyword.execute(SelectOptionByValueKeyword.groovy:71)&#xa;	at com.kms.katalon.core.keyword.internal.KeywordExecutor.executeKeywordForPlatform(KeywordExecutor.groovy:74)&#xa;	at com.kms.katalon.core.webui.keyword.WebUiBuiltInKeywords.selectOptionByValue(WebUiBuiltInKeywords.groovy:1207)&#xa;	at Transfer Funds.run(Transfer Funds:35)&#xa;	at com.kms.katalon.core.main.ScriptEngine.run(ScriptEngine.java:194)&#xa;	at com.kms.katalon.core.main.ScriptEngine.runScriptAsRawText(ScriptEngine.java:119)&#xa;	at com.kms.katalon.core.main.TestCaseExecutor.runScript(TestCaseExecutor.java:448)&#xa;	at com.kms.katalon.core.main.TestCaseExecutor.doExecute(TestCaseExecutor.java:439)&#xa;	at com.kms.katalon.core.main.TestCaseExecutor.processExecutionPhase(TestCaseExecutor.java:418)&#xa;	at com.kms.katalon.core.main.TestCaseExecutor.accessMainPhase(TestCaseExecutor.java:410)&#xa;	at com.kms.katalon.core.main.TestCaseExecutor.execute(TestCaseExecutor.java:285)&#xa;	at com.kms.katalon.core.main.TestCaseExecutor.execute(TestCaseExecutor.java:369)&#xa;	at com.kms.katalon.core.main.TestCaseExecutor.execute(TestCaseExecutor.java:369)&#xa;	at com.kms.katalon.core.main.TestCaseExecutor.execute(TestCaseExecutor.java:369)&#xa;	at com.kms.katalon.core.common.CommonExecutor.accessTestCaseMainPhase(CommonExecutor.java:65)&#xa;	at com.kms.katalon.core.main.TestSuiteExecutor.accessTestSuiteMainPhase(TestSuiteExecutor.java:148)&#xa;	at com.kms.katalon.core.main.TestSuiteExecutor.execute(TestSuiteExecutor.java:106)&#xa;	at com.kms.katalon.core.main.TestCaseMain.startTestSuite(TestCaseMain.java:180)&#xa;	at TempTestSuite1705678734239.run(TempTestSuite1705678734239.groovy:36)&#xa;	at java.base/jdk.internal.reflect.NativeMethodAccessorImpl.invoke0(Native Method)&#xa;	at java.base/jdk.internal.reflect.NativeMethodAccessorImpl.invoke(NativeMethodAccessorImpl.java:77)&#xa;	at java.base/jdk.internal.reflect.DelegatingMethodAccessorImpl.invoke(DelegatingMethodAccessorImpl.java:43)&#xa;Caused by: com.kms.katalon.core.webui.exception.WebElementNotFoundException: Web element with id: 'Object Repository/Para Bank/Page_ParaBank  Transfer Funds/select_3243632547' located by '//select[@id='toAccountId']' not found&#xa;	at com.kms.katalon.core.webui.common.WebUiCommonHelper.findWebElement(WebUiCommonHelper.java:1379)&#xa;	at com.kms.katalon.core.webui.keyword.internal.WebUIAbstractKeyword.findWebElement(WebUIAbstractKeyword.groovy:27)&#xa;	at com.kms.katalon.core.webui.keyword.internal.WebUIAbstractKeyword.findWebElement(WebUIAbstractKeyword.groovy:26)&#xa;	at com.kms.katalon.core.webui.keyword.builtin.SelectOptionByValueKeyword$_selectOptionByValue_closure1.doCall(SelectOptionByValueKeyword.groovy:86)&#xa;	at com.kms.katalon.core.webui.keyword.builtin.SelectOptionByValueKeyword$_selectOptionByValue_closure1.call(SelectOptionByValueKeyword.groovy)&#xa;	at com.kms.katalon.core.webui.keyword.internal.WebUIKeywordMain.runKeyword(WebUIKeywordMain.groovy:20)&#xa;	... 23 more&#xa;"/>
         <system-out><![CDATA[19-01-2024T23:31:26 - [TEST_CASE][FAILED] - Test Cases/Para Bank/Transfer Funds: Test Cases/Para Bank/Transfer Funds FAILED.
Reason:
com.kms.katalon.core.exception.StepFailedException: Unable to select option by value '32436' of object 'Object Repository/Para Bank/Page_ParaBank  Transfer Funds/select_3243632547'  using regular expression
	at com.kms.katalon.core.webui.keyword.internal.WebUIKeywordMain.stepFailed(WebUIKeywordMain.groovy:64)
	at com.kms.katalon.core.webui.keyword.internal.WebUIKeywordMain.runKeyword(WebUIKeywordMain.groovy:26)
	at com.kms.katalon.core.webui.keyword.builtin.SelectOptionByValueKeyword.selectOptionByValue(SelectOptionByValueKeyword.groovy:99)
	at com.kms.katalon.core.webui.keyword.builtin.SelectOptionByValueKeyword.execute(SelectOptionByValueKeyword.groovy:71)
	at com.kms.katalon.core.keyword.internal.KeywordExecutor.executeKeywordForPlatform(KeywordExecutor.groovy:74)
	at com.kms.katalon.core.webui.keyword.WebUiBuiltInKeywords.selectOptionByValue(WebUiBuiltInKeywords.groovy:1207)
	at Transfer Funds.run(Transfer Funds:35)
	at com.kms.katalon.core.main.ScriptEngine.run(ScriptEngine.java:194)
	at com.kms.katalon.core.main.ScriptEngine.runScriptAsRawText(ScriptEngine.java:119)
	at com.kms.katalon.core.main.TestCaseExecutor.runScript(TestCaseExecutor.java:448)
	at com.kms.katalon.core.main.TestCaseExecutor.doExecute(TestCaseExecutor.java:439)
	at com.kms.katalon.core.main.TestCaseExecutor.processExecutionPhase(TestCaseExecutor.java:418)
	at com.kms.katalon.core.main.TestCaseExecutor.accessMainPhase(TestCaseExecutor.java:410)
	at com.kms.katalon.core.main.TestCaseExecutor.execute(TestCaseExecutor.java:285)
	at com.kms.katalon.core.main.TestCaseExecutor.execute(TestCaseExecutor.java:369)
	at com.kms.katalon.core.main.TestCaseExecutor.execute(TestCaseExecutor.java:369)
	at com.kms.katalon.core.main.TestCaseExecutor.execute(TestCaseExecutor.java:369)
	at com.kms.katalon.core.common.CommonExecutor.accessTestCaseMainPhase(CommonExecutor.java:65)
	at com.kms.katalon.core.main.TestSuiteExecutor.accessTestSuiteMainPhase(TestSuiteExecutor.java:148)
	at com.kms.katalon.core.main.TestSuiteExecutor.execute(TestSuiteExecutor.java:106)
	at com.kms.katalon.core.main.TestCaseMain.startTestSuite(TestCaseMain.java:180)
	at TempTestSuite1705678734239.run(TempTestSuite1705678734239.groovy:36)
	at java.base/jdk.internal.reflect.NativeMethodAccessorImpl.invoke0(Native Method)
	at java.base/jdk.internal.reflect.NativeMethodAccessorImpl.invoke(NativeMethodAccessorImpl.java:77)
	at java.base/jdk.internal.reflect.DelegatingMethodAccessorImpl.invoke(DelegatingMethodAccessorImpl.java:43)
Caused by: com.kms.katalon.core.webui.exception.WebElementNotFoundException: Web element with id: 'Object Repository/Para Bank/Page_ParaBank  Transfer Funds/select_3243632547' located by '//select[@id='toAccountId']' not found
	at com.kms.katalon.core.webui.common.WebUiCommonHelper.findWebElement(WebUiCommonHelper.java:1379)
	at com.kms.katalon.core.webui.keyword.internal.WebUIAbstractKeyword.findWebElement(WebUIAbstractKeyword.groovy:27)
	at com.kms.katalon.core.webui.keyword.internal.WebUIAbstractKeyword.findWebElement(WebUIAbstractKeyword.groovy:26)
	at com.kms.katalon.core.webui.keyword.builtin.SelectOptionByValueKeyword$_selectOptionByValue_closure1.doCall(SelectOptionByValueKeyword.groovy:86)
	at com.kms.katalon.core.webui.keyword.builtin.SelectOptionByValueKeyword$_selectOptionByValue_closure1.call(SelectOptionByValueKeyword.groovy)
	at com.kms.katalon.core.webui.keyword.internal.WebUIKeywordMain.runKeyword(WebUIKeywordMain.groovy:20)
	... 23 more


19-01-2024T23:31:26 - [TEST_STEP][PASSED] - openBrowser(""): Browser is opened with url: ''

19-01-2024T23:31:26 - [MESSAGE][WARNING] - A browser is already opened. Closing browser and opening a new one

19-01-2024T23:31:27 - [MESSAGE][INFO] - User set preference: ['browserName', 'chrome']

19-01-2024T23:31:27 - [MESSAGE][INFO] - User set preference: ['platformName', 'Android']

19-01-2024T23:31:27 - [MESSAGE][INFO] - User set preference: ['browserVersion', 'latest']

19-01-2024T23:31:27 - [MESSAGE][INFO] - User set preference: ['deviceName', 'Google Google Pixel 5']

19-01-2024T23:31:27 - [MESSAGE][INFO] - User set preference: ['platformVersion', '14']

19-01-2024T23:31:27 - [MESSAGE][INFO] - User set preference: ['deviceId', 'google_pixel_5']

19-01-2024T23:31:27 - [MESSAGE][INFO] - User set preference: ['katalon:option', '{organizationId=1378380, tunnelId=, deviceVersion=14, deviceId=google_pixel_5, usingTunnel=false}']

19-01-2024T23:31:27 - [MESSAGE][INFO] - Connecting to remote web server 'testcloud.katalon.com/hub' with type 'Selenium'

19-01-2024T23:31:27 - [MESSAGE][INFO] - Action delay is set to 0 milliseconds

19-01-2024T23:32:38 - [MESSAGE][PASSED] - Browser is opened with url: ''

19-01-2024T23:32:38 - [TEST_STEP][PASSED] - navigateToUrl("https://parabank.parasoft.com/parabank/index.htm"): Navigate to 'https://parabank.parasoft.com/parabank/index.htm' successfully

19-01-2024T23:32:39 - [MESSAGE][PASSED] - Navigate to 'https://parabank.parasoft.com/parabank/index.htm' successfully

19-01-2024T23:32:39 - [TEST_STEP][PASSED] - setText(findTestObject("Object Repository/Para Bank/Page_ParaBank  Welcome  Online Banking/input_username"), "asep"): Text 'asep' is set on object 'Object Repository/Para Bank/Page_ParaBank  Welcome  Online Banking/input_username'

19-01-2024T23:32:52 - [MESSAGE][PASSED] - Text 'asep' is set on object 'Object Repository/Para Bank/Page_ParaBank  Welcome  Online Banking/input_username'

19-01-2024T23:32:52 - [TEST_STEP][PASSED] - setEncryptedText(findTestObject("Object Repository/Para Bank/Page_ParaBank  Welcome  Online Banking/input_password"), "amhbjqpz+W+cUhleMTuzlg=="): Text ****** has been set on object 'Object Repository/Para Bank/Page_ParaBank  Welcome  Online Banking/input_password'

19-01-2024T23:33:02 - [MESSAGE][PASSED] - Text ****** has been set on object 'Object Repository/Para Bank/Page_ParaBank  Welcome  Online Banking/input_password'

19-01-2024T23:33:02 - [TEST_STEP][PASSED] - click(findTestObject("Object Repository/Para Bank/Page_ParaBank  Welcome  Online Banking/input_button")): Object: 'Object Repository/Para Bank/Page_ParaBank  Welcome  Online Banking/input_button' is clicked on

19-01-2024T23:33:09 - [MESSAGE][PASSED] - Object: 'Object Repository/Para Bank/Page_ParaBank  Welcome  Online Banking/input_button' is clicked on

19-01-2024T23:33:09 - [TEST_STEP][PASSED] - click(findTestObject("Object Repository/Para Bank/Page_ParaBank  Accounts Overview/a_Transfer Funds")): Object: 'Object Repository/Para Bank/Page_ParaBank  Accounts Overview/a_Transfer Funds' is clicked on

19-01-2024T23:33:42 - [MESSAGE][INFO] - Unable to find the element located by 'By.xpath: //div[@id='leftPanel']/ul/li[3]/a'. Please recheck the objects properties to make sure the desired element is located. 

19-01-2024T23:33:42 - [MESSAGE][WARNING] - [SELF-HEALING] Failed to find element with id 'Object Repository/Para Bank/Page_ParaBank  Accounts Overview/a_Transfer Funds'. Try using Self-healing.

19-01-2024T23:33:45 - [MESSAGE][WARNING] - [SELF-HEALING] The current locator of test object 'Object Repository/Para Bank/Page_ParaBank  Accounts Overview/a_Transfer Funds' was broken. Propose an alternative one: '//a[contains(text(),'Transfer Funds')]'.

19-01-2024T23:33:48 - [MESSAGE][PASSED] - Object: 'Object Repository/Para Bank/Page_ParaBank  Accounts Overview/a_Transfer Funds' is clicked on

19-01-2024T23:33:48 - [TEST_STEP][PASSED] - setText(findTestObject("Object Repository/Para Bank/Page_ParaBank  Transfer Funds/input_input"), "110"): Text '110' is set on object 'Object Repository/Para Bank/Page_ParaBank  Transfer Funds/input_input'

19-01-2024T23:34:21 - [MESSAGE][INFO] - Unable to find the element located by 'By.xpath: //input[@id='amount']'. Please recheck the objects properties to make sure the desired element is located. 

19-01-2024T23:34:21 - [MESSAGE][WARNING] - [SELF-HEALING] Failed to find element with id 'Object Repository/Para Bank/Page_ParaBank  Transfer Funds/input_input'. Try using Self-healing.

19-01-2024T23:34:23 - [MESSAGE][WARNING] - [SELF-HEALING] The current locator of test object 'Object Repository/Para Bank/Page_ParaBank  Transfer Funds/input_input' was broken. Propose an alternative one: '//input'.

19-01-2024T23:34:59 - [MESSAGE][INFO] - Unable to find the element located by 'By.xpath: //input[@id='amount']'. Please recheck the objects properties to make sure the desired element is located. 

19-01-2024T23:34:59 - [MESSAGE][WARNING] - [SELF-HEALING] Failed to find element with id 'Object Repository/Para Bank/Page_ParaBank  Transfer Funds/input_input'. Try using Self-healing.

19-01-2024T23:35:02 - [MESSAGE][WARNING] - [SELF-HEALING] The current locator of test object 'Object Repository/Para Bank/Page_ParaBank  Transfer Funds/input_input' was broken. Propose an alternative one: '//input'.

19-01-2024T23:35:04 - [MESSAGE][PASSED] - Text '110' is set on object 'Object Repository/Para Bank/Page_ParaBank  Transfer Funds/input_input'

19-01-2024T23:35:04 - [TEST_STEP][FAILED] - selectOptionByValue(findTestObject("Object Repository/Para Bank/Page_ParaBank  Transfer Funds/select_3243632547"), "32436", true): Unable to select option by value '32436' of object 'Object Repository/Para Bank/Page_ParaBank  Transfer Funds/select_3243632547'  using regular expression (Root cause: com.kms.katalon.core.exception.StepFailedException: Unable to select option by value '32436' of object 'Object Repository/Para Bank/Page_ParaBank  Transfer Funds/select_3243632547'  using regular expression
	at com.kms.katalon.core.webui.keyword.internal.WebUIKeywordMain.stepFailed(WebUIKeywordMain.groovy:64)
	at com.kms.katalon.core.webui.keyword.internal.WebUIKeywordMain.runKeyword(WebUIKeywordMain.groovy:26)
	at com.kms.katalon.core.webui.keyword.builtin.SelectOptionByValueKeyword.selectOptionByValue(SelectOptionByValueKeyword.groovy:99)
	at com.kms.katalon.core.webui.keyword.builtin.SelectOptionByValueKeyword.execute(SelectOptionByValueKeyword.groovy:71)
	at com.kms.katalon.core.keyword.internal.KeywordExecutor.executeKeywordForPlatform(KeywordExecutor.groovy:74)
	at com.kms.katalon.core.webui.keyword.WebUiBuiltInKeywords.selectOptionByValue(WebUiBuiltInKeywords.groovy:1207)
	at Transfer Funds.run(Transfer Funds:35)
	at com.kms.katalon.core.main.ScriptEngine.run(ScriptEngine.java:194)
	at com.kms.katalon.core.main.ScriptEngine.runScriptAsRawText(ScriptEngine.java:119)
	at com.kms.katalon.core.main.TestCaseExecutor.runScript(TestCaseExecutor.java:448)
	at com.kms.katalon.core.main.TestCaseExecutor.doExecute(TestCaseExecutor.java:439)
	at com.kms.katalon.core.main.TestCaseExecutor.processExecutionPhase(TestCaseExecutor.java:418)
	at com.kms.katalon.core.main.TestCaseExecutor.accessMainPhase(TestCaseExecutor.java:410)
	at com.kms.katalon.core.main.TestCaseExecutor.execute(TestCaseExecutor.java:285)
	at com.kms.katalon.core.main.TestCaseExecutor.execute(TestCaseExecutor.java:369)
	at com.kms.katalon.core.main.TestCaseExecutor.execute(TestCaseExecutor.java:369)
	at com.kms.katalon.core.main.TestCaseExecutor.execute(TestCaseExecutor.java:369)
	at com.kms.katalon.core.common.CommonExecutor.accessTestCaseMainPhase(CommonExecutor.java:65)
	at com.kms.katalon.core.main.TestSuiteExecutor.accessTestSuiteMainPhase(TestSuiteExecutor.java:148)
	at com.kms.katalon.core.main.TestSuiteExecutor.execute(TestSuiteExecutor.java:106)
	at com.kms.katalon.core.main.TestCaseMain.startTestSuite(TestCaseMain.java:180)
	at TempTestSuite1705678734239.run(TempTestSuite1705678734239.groovy:36)
	at java.base/jdk.internal.reflect.NativeMethodAccessorImpl.invoke0(Native Method)
	at java.base/jdk.internal.reflect.NativeMethodAccessorImpl.invoke(NativeMethodAccessorImpl.java:77)
	at java.base/jdk.internal.reflect.DelegatingMethodAccessorImpl.invoke(DelegatingMethodAccessorImpl.java:43)
Caused by: com.kms.katalon.core.webui.exception.WebElementNotFoundException: Web element with id: 'Object Repository/Para Bank/Page_ParaBank  Transfer Funds/select_3243632547' located by '//select[@id='toAccountId']' not found
	at com.kms.katalon.core.webui.common.WebUiCommonHelper.findWebElement(WebUiCommonHelper.java:1379)
	at com.kms.katalon.core.webui.keyword.internal.WebUIAbstractKeyword.findWebElement(WebUIAbstractKeyword.groovy:27)
	at com.kms.katalon.core.webui.keyword.internal.WebUIAbstractKeyword.findWebElement(WebUIAbstractKeyword.groovy:26)
	at com.kms.katalon.core.webui.keyword.builtin.SelectOptionByValueKeyword$_selectOptionByValue_closure1.doCall(SelectOptionByValueKeyword.groovy:86)
	at com.kms.katalon.core.webui.keyword.builtin.SelectOptionByValueKeyword$_selectOptionByValue_closure1.call(SelectOptionByValueKeyword.groovy)
	at com.kms.katalon.core.webui.keyword.internal.WebUIKeywordMain.runKeyword(WebUIKeywordMain.groovy:20)
	at com.kms.katalon.core.webui.keyword.builtin.SelectOptionByValueKeyword.selectOptionByValue(SelectOptionByValueKeyword.groovy:99)
	at com.kms.katalon.core.webui.keyword.builtin.SelectOptionByValueKeyword.execute(SelectOptionByValueKeyword.groovy:71)
	at com.kms.katalon.core.keyword.internal.KeywordExecutor.executeKeywordForPlatform(KeywordExecutor.groovy:74)
	at com.kms.katalon.core.webui.keyword.WebUiBuiltInKeywords.selectOptionByValue(WebUiBuiltInKeywords.groovy:1207)
	at Script1705677067406.run(Script1705677067406.groovy:35)
	... 18 more
)

19-01-2024T23:35:35 - [MESSAGE][INFO] - Unable to find the element located by 'By.xpath: //select[@id='toAccountId']'. Please recheck the objects properties to make sure the desired element is located. 

19-01-2024T23:35:35 - [MESSAGE][WARNING] - [SELF-HEALING] Failed to find element with id 'Object Repository/Para Bank/Page_ParaBank  Transfer Funds/select_3243632547'. Try using Self-healing.

19-01-2024T23:35:37 - [MESSAGE][INFO] - [SELF-HEALING] Failed Locator: '//select[@id='toAccountId']'.

19-01-2024T23:35:40 - [MESSAGE][INFO] - [SELF-HEALING] Failed Locator: '//div[@id='rightPanel']/div/div/form/div/select[2]'.

19-01-2024T23:35:43 - [MESSAGE][INFO] - [SELF-HEALING] Failed Locator: '//select[2]'.

19-01-2024T23:35:47 - [MESSAGE][INFO] - [SELF-HEALING] Failed Locator: '//select[@id = 'toAccountId' and (text() = '3243632547' or . = '3243632547')]'.

19-01-2024T23:35:50 - [MESSAGE][INFO] - Unable to find the element located by 'By.xpath: //*[@id = 'toAccountId' and (text() = '3243632547' or . = '3243632547')]'. Please recheck the objects properties to make sure the desired element is located. 

19-01-2024T23:35:52 - [MESSAGE][INFO] - Unable to find the element located by 'By.cssSelector: #toAccountId'. Please recheck the objects properties to make sure the desired element is located. 

19-01-2024T23:36:19 - [MESSAGE][FAILED] - Unable to select option by value '32436' of object 'Object Repository/Para Bank/Page_ParaBank  Transfer Funds/select_3243632547'  using regular expression (Root cause: com.kms.katalon.core.exception.StepFailedException: Unable to select option by value '32436' of object 'Object Repository/Para Bank/Page_ParaBank  Transfer Funds/select_3243632547'  using regular expression
	at com.kms.katalon.core.webui.keyword.internal.WebUIKeywordMain.stepFailed(WebUIKeywordMain.groovy:64)
	at com.kms.katalon.core.webui.keyword.internal.WebUIKeywordMain.runKeyword(WebUIKeywordMain.groovy:26)
	at com.kms.katalon.core.webui.keyword.builtin.SelectOptionByValueKeyword.selectOptionByValue(SelectOptionByValueKeyword.groovy:99)
	at com.kms.katalon.core.webui.keyword.builtin.SelectOptionByValueKeyword.execute(SelectOptionByValueKeyword.groovy:71)
	at com.kms.katalon.core.keyword.internal.KeywordExecutor.executeKeywordForPlatform(KeywordExecutor.groovy:74)
	at com.kms.katalon.core.webui.keyword.WebUiBuiltInKeywords.selectOptionByValue(WebUiBuiltInKeywords.groovy:1207)
	at Transfer Funds.run(Transfer Funds:35)
	at com.kms.katalon.core.main.ScriptEngine.run(ScriptEngine.java:194)
	at com.kms.katalon.core.main.ScriptEngine.runScriptAsRawText(ScriptEngine.java:119)
	at com.kms.katalon.core.main.TestCaseExecutor.runScript(TestCaseExecutor.java:448)
	at com.kms.katalon.core.main.TestCaseExecutor.doExecute(TestCaseExecutor.java:439)
	at com.kms.katalon.core.main.TestCaseExecutor.processExecutionPhase(TestCaseExecutor.java:418)
	at com.kms.katalon.core.main.TestCaseExecutor.accessMainPhase(TestCaseExecutor.java:410)
	at com.kms.katalon.core.main.TestCaseExecutor.execute(TestCaseExecutor.java:285)
	at com.kms.katalon.core.main.TestCaseExecutor.execute(TestCaseExecutor.java:369)
	at com.kms.katalon.core.main.TestCaseExecutor.execute(TestCaseExecutor.java:369)
	at com.kms.katalon.core.main.TestCaseExecutor.execute(TestCaseExecutor.java:369)
	at com.kms.katalon.core.common.CommonExecutor.accessTestCaseMainPhase(CommonExecutor.java:65)
	at com.kms.katalon.core.main.TestSuiteExecutor.accessTestSuiteMainPhase(TestSuiteExecutor.java:148)
	at com.kms.katalon.core.main.TestSuiteExecutor.execute(TestSuiteExecutor.java:106)
	at com.kms.katalon.core.main.TestCaseMain.startTestSuite(TestCaseMain.java:180)
	at TempTestSuite1705678734239.run(TempTestSuite1705678734239.groovy:36)
	at java.base/jdk.internal.reflect.NativeMethodAccessorImpl.invoke0(Native Method)
	at java.base/jdk.internal.reflect.NativeMethodAccessorImpl.invoke(NativeMethodAccessorImpl.java:77)
	at java.base/jdk.internal.reflect.DelegatingMethodAccessorImpl.invoke(DelegatingMethodAccessorImpl.java:43)
Caused by: com.kms.katalon.core.webui.exception.WebElementNotFoundException: Web element with id: 'Object Repository/Para Bank/Page_ParaBank  Transfer Funds/select_3243632547' located by '//select[@id='toAccountId']' not found
	at com.kms.katalon.core.webui.common.WebUiCommonHelper.findWebElement(WebUiCommonHelper.java:1379)
	at com.kms.katalon.core.webui.keyword.internal.WebUIAbstractKeyword.findWebElement(WebUIAbstractKeyword.groovy:27)
	at com.kms.katalon.core.webui.keyword.internal.WebUIAbstractKeyword.findWebElement(WebUIAbstractKeyword.groovy:26)
	at com.kms.katalon.core.webui.keyword.builtin.SelectOptionByValueKeyword$_selectOptionByValue_closure1.doCall(SelectOptionByValueKeyword.groovy:86)
	at com.kms.katalon.core.webui.keyword.builtin.SelectOptionByValueKeyword$_selectOptionByValue_closure1.call(SelectOptionByValueKeyword.groovy)
	at com.kms.katalon.core.webui.keyword.internal.WebUIKeywordMain.runKeyword(WebUIKeywordMain.groovy:20)
	at com.kms.katalon.core.webui.keyword.builtin.SelectOptionByValueKeyword.selectOptionByValue(SelectOptionByValueKeyword.groovy:99)
	at com.kms.katalon.core.webui.keyword.builtin.SelectOptionByValueKeyword.execute(SelectOptionByValueKeyword.groovy:71)
	at com.kms.katalon.core.keyword.internal.KeywordExecutor.executeKeywordForPlatform(KeywordExecutor.groovy:74)
	at com.kms.katalon.core.webui.keyword.WebUiBuiltInKeywords.selectOptionByValue(WebUiBuiltInKeywords.groovy:1207)
	at Script1705677067406.run(Script1705677067406.groovy:35)
	... 18 more
)
[[ATTACHMENT|C:\\Users\\0767\\Katalon Studio\\ProjectIGLO\\Reports\\20240119_223851\\Test Suites\\Para Bank\\20240119_223854\\1705682152804.png]]]]></system-out>
         <system-err><![CDATA[19-01-2024T23:31:26 - [TEST_CASE][FAILED] - Test Cases/Para Bank/Transfer Funds: Test Cases/Para Bank/Transfer Funds FAILED.
Reason:
com.kms.katalon.core.exception.StepFailedException: Unable to select option by value '32436' of object 'Object Repository/Para Bank/Page_ParaBank  Transfer Funds/select_3243632547'  using regular expression
	at com.kms.katalon.core.webui.keyword.internal.WebUIKeywordMain.stepFailed(WebUIKeywordMain.groovy:64)
	at com.kms.katalon.core.webui.keyword.internal.WebUIKeywordMain.runKeyword(WebUIKeywordMain.groovy:26)
	at com.kms.katalon.core.webui.keyword.builtin.SelectOptionByValueKeyword.selectOptionByValue(SelectOptionByValueKeyword.groovy:99)
	at com.kms.katalon.core.webui.keyword.builtin.SelectOptionByValueKeyword.execute(SelectOptionByValueKeyword.groovy:71)
	at com.kms.katalon.core.keyword.internal.KeywordExecutor.executeKeywordForPlatform(KeywordExecutor.groovy:74)
	at com.kms.katalon.core.webui.keyword.WebUiBuiltInKeywords.selectOptionByValue(WebUiBuiltInKeywords.groovy:1207)
	at Transfer Funds.run(Transfer Funds:35)
	at com.kms.katalon.core.main.ScriptEngine.run(ScriptEngine.java:194)
	at com.kms.katalon.core.main.ScriptEngine.runScriptAsRawText(ScriptEngine.java:119)
	at com.kms.katalon.core.main.TestCaseExecutor.runScript(TestCaseExecutor.java:448)
	at com.kms.katalon.core.main.TestCaseExecutor.doExecute(TestCaseExecutor.java:439)
	at com.kms.katalon.core.main.TestCaseExecutor.processExecutionPhase(TestCaseExecutor.java:418)
	at com.kms.katalon.core.main.TestCaseExecutor.accessMainPhase(TestCaseExecutor.java:410)
	at com.kms.katalon.core.main.TestCaseExecutor.execute(TestCaseExecutor.java:285)
	at com.kms.katalon.core.main.TestCaseExecutor.execute(TestCaseExecutor.java:369)
	at com.kms.katalon.core.main.TestCaseExecutor.execute(TestCaseExecutor.java:369)
	at com.kms.katalon.core.main.TestCaseExecutor.execute(TestCaseExecutor.java:369)
	at com.kms.katalon.core.common.CommonExecutor.accessTestCaseMainPhase(CommonExecutor.java:65)
	at com.kms.katalon.core.main.TestSuiteExecutor.accessTestSuiteMainPhase(TestSuiteExecutor.java:148)
	at com.kms.katalon.core.main.TestSuiteExecutor.execute(TestSuiteExecutor.java:106)
	at com.kms.katalon.core.main.TestCaseMain.startTestSuite(TestCaseMain.java:180)
	at TempTestSuite1705678734239.run(TempTestSuite1705678734239.groovy:36)
	at java.base/jdk.internal.reflect.NativeMethodAccessorImpl.invoke0(Native Method)
	at java.base/jdk.internal.reflect.NativeMethodAccessorImpl.invoke(NativeMethodAccessorImpl.java:77)
	at java.base/jdk.internal.reflect.DelegatingMethodAccessorImpl.invoke(DelegatingMethodAccessorImpl.java:43)
Caused by: com.kms.katalon.core.webui.exception.WebElementNotFoundException: Web element with id: 'Object Repository/Para Bank/Page_ParaBank  Transfer Funds/select_3243632547' located by '//select[@id='toAccountId']' not found
	at com.kms.katalon.core.webui.common.WebUiCommonHelper.findWebElement(WebUiCommonHelper.java:1379)
	at com.kms.katalon.core.webui.keyword.internal.WebUIAbstractKeyword.findWebElement(WebUIAbstractKeyword.groovy:27)
	at com.kms.katalon.core.webui.keyword.internal.WebUIAbstractKeyword.findWebElement(WebUIAbstractKeyword.groovy:26)
	at com.kms.katalon.core.webui.keyword.builtin.SelectOptionByValueKeyword$_selectOptionByValue_closure1.doCall(SelectOptionByValueKeyword.groovy:86)
	at com.kms.katalon.core.webui.keyword.builtin.SelectOptionByValueKeyword$_selectOptionByValue_closure1.call(SelectOptionByValueKeyword.groovy)
	at com.kms.katalon.core.webui.keyword.internal.WebUIKeywordMain.runKeyword(WebUIKeywordMain.groovy:20)
	... 23 more]]></system-err>
      </testcase>
      <system-out><![CDATA[19-01-2024T22:49:40 - [TEST_SUITE][FAILED] - Para Bank: Test Cases/Para Bank/Open New Account FAILED.
Reason:
com.kms.katalon.core.exception.StepFailedException: Unable to select option by value '1' of object 'Object Repository/Para Bank/Page_ParaBank  Open Account/select_CHECKING                  SAVINGS'  using regular expression
	at com.kms.katalon.core.webui.keyword.internal.WebUIKeywordMain.stepFailed(WebUIKeywordMain.groovy:64)
	at com.kms.katalon.core.webui.keyword.internal.WebUIKeywordMain.runKeyword(WebUIKeywordMain.groovy:26)
	at com.kms.katalon.core.webui.keyword.builtin.SelectOptionByValueKeyword.selectOptionByValue(SelectOptionByValueKeyword.groovy:99)
	at com.kms.katalon.core.webui.keyword.builtin.SelectOptionByValueKeyword.execute(SelectOptionByValueKeyword.groovy:71)
	at com.kms.katalon.core.keyword.internal.KeywordExecutor.executeKeywordForPlatform(KeywordExecutor.groovy:74)
	at com.kms.katalon.core.webui.keyword.WebUiBuiltInKeywords.selectOptionByValue(WebUiBuiltInKeywords.groovy:1207)
	at Open New Account.run(Open New Account:33)
	at com.kms.katalon.core.main.ScriptEngine.run(ScriptEngine.java:194)
	at com.kms.katalon.core.main.ScriptEngine.runScriptAsRawText(ScriptEngine.java:119)
	at com.kms.katalon.core.main.TestCaseExecutor.runScript(TestCaseExecutor.java:448)
	at com.kms.katalon.core.main.TestCaseExecutor.doExecute(TestCaseExecutor.java:439)
	at com.kms.katalon.core.main.TestCaseExecutor.processExecutionPhase(TestCaseExecutor.java:418)
	at com.kms.katalon.core.main.TestCaseExecutor.accessMainPhase(TestCaseExecutor.java:410)
	at com.kms.katalon.core.main.TestCaseExecutor.execute(TestCaseExecutor.java:285)
	at com.kms.katalon.core.common.CommonExecutor.accessTestCaseMainPhase(CommonExecutor.java:65)
	at com.kms.katalon.core.main.TestSuiteExecutor.accessTestSuiteMainPhase(TestSuiteExecutor.java:148)
	at com.kms.katalon.core.main.TestSuiteExecutor.execute(TestSuiteExecutor.java:106)
	at com.kms.katalon.core.main.TestCaseMain.startTestSuite(TestCaseMain.java:180)
	at TempTestSuite1705678734239.run(TempTestSuite1705678734239.groovy:36)
	at java.base/jdk.internal.reflect.NativeMethodAccessorImpl.invoke0(Native Method)
	at java.base/jdk.internal.reflect.NativeMethodAccessorImpl.invoke(NativeMethodAccessorImpl.java:77)
	at java.base/jdk.internal.reflect.DelegatingMethodAccessorImpl.invoke(DelegatingMethodAccessorImpl.java:43)
Caused by: com.kms.katalon.core.webui.exception.WebElementNotFoundException: Web element with id: 'Object Repository/Para Bank/Page_ParaBank  Open Account/select_CHECKING                  SAVINGS' located by '//select[@id='type']' not found
	at com.kms.katalon.core.webui.common.WebUiCommonHelper.findWebElement(WebUiCommonHelper.java:1379)
	at com.kms.katalon.core.webui.keyword.internal.WebUIAbstractKeyword.findWebElement(WebUIAbstractKeyword.groovy:27)
	at com.kms.katalon.core.webui.keyword.internal.WebUIAbstractKeyword.findWebElement(WebUIAbstractKeyword.groovy:26)
	at com.kms.katalon.core.webui.keyword.builtin.SelectOptionByValueKeyword$_selectOptionByValue_closure1.doCall(SelectOptionByValueKeyword.groovy:86)
	at com.kms.katalon.core.webui.keyword.builtin.SelectOptionByValueKeyword$_selectOptionByValue_closure1.call(SelectOptionByValueKeyword.groovy)
	at com.kms.katalon.core.webui.keyword.internal.WebUIKeywordMain.runKeyword(WebUIKeywordMain.groovy:20)
	... 20 more]]></system-out>
      <system-err><![CDATA[19-01-2024T22:49:40 - [TEST_SUITE][FAILED] - Para Bank: Test Cases/Para Bank/Open New Account FAILED.
Reason:
com.kms.katalon.core.exception.StepFailedException: Unable to select option by value '1' of object 'Object Repository/Para Bank/Page_ParaBank  Open Account/select_CHECKING                  SAVINGS'  using regular expression
	at com.kms.katalon.core.webui.keyword.internal.WebUIKeywordMain.stepFailed(WebUIKeywordMain.groovy:64)
	at com.kms.katalon.core.webui.keyword.internal.WebUIKeywordMain.runKeyword(WebUIKeywordMain.groovy:26)
	at com.kms.katalon.core.webui.keyword.builtin.SelectOptionByValueKeyword.selectOptionByValue(SelectOptionByValueKeyword.groovy:99)
	at com.kms.katalon.core.webui.keyword.builtin.SelectOptionByValueKeyword.execute(SelectOptionByValueKeyword.groovy:71)
	at com.kms.katalon.core.keyword.internal.KeywordExecutor.executeKeywordForPlatform(KeywordExecutor.groovy:74)
	at com.kms.katalon.core.webui.keyword.WebUiBuiltInKeywords.selectOptionByValue(WebUiBuiltInKeywords.groovy:1207)
	at Open New Account.run(Open New Account:33)
	at com.kms.katalon.core.main.ScriptEngine.run(ScriptEngine.java:194)
	at com.kms.katalon.core.main.ScriptEngine.runScriptAsRawText(ScriptEngine.java:119)
	at com.kms.katalon.core.main.TestCaseExecutor.runScript(TestCaseExecutor.java:448)
	at com.kms.katalon.core.main.TestCaseExecutor.doExecute(TestCaseExecutor.java:439)
	at com.kms.katalon.core.main.TestCaseExecutor.processExecutionPhase(TestCaseExecutor.java:418)
	at com.kms.katalon.core.main.TestCaseExecutor.accessMainPhase(TestCaseExecutor.java:410)
	at com.kms.katalon.core.main.TestCaseExecutor.execute(TestCaseExecutor.java:285)
	at com.kms.katalon.core.common.CommonExecutor.accessTestCaseMainPhase(CommonExecutor.java:65)
	at com.kms.katalon.core.main.TestSuiteExecutor.accessTestSuiteMainPhase(TestSuiteExecutor.java:148)
	at com.kms.katalon.core.main.TestSuiteExecutor.execute(TestSuiteExecutor.java:106)
	at com.kms.katalon.core.main.TestCaseMain.startTestSuite(TestCaseMain.java:180)
	at TempTestSuite1705678734239.run(TempTestSuite1705678734239.groovy:36)
	at java.base/jdk.internal.reflect.NativeMethodAccessorImpl.invoke0(Native Method)
	at java.base/jdk.internal.reflect.NativeMethodAccessorImpl.invoke(NativeMethodAccessorImpl.java:77)
	at java.base/jdk.internal.reflect.DelegatingMethodAccessorImpl.invoke(DelegatingMethodAccessorImpl.java:43)
Caused by: com.kms.katalon.core.webui.exception.WebElementNotFoundException: Web element with id: 'Object Repository/Para Bank/Page_ParaBank  Open Account/select_CHECKING                  SAVINGS' located by '//select[@id='type']' not found
	at com.kms.katalon.core.webui.common.WebUiCommonHelper.findWebElement(WebUiCommonHelper.java:1379)
	at com.kms.katalon.core.webui.keyword.internal.WebUIAbstractKeyword.findWebElement(WebUIAbstractKeyword.groovy:27)
	at com.kms.katalon.core.webui.keyword.internal.WebUIAbstractKeyword.findWebElement(WebUIAbstractKeyword.groovy:26)
	at com.kms.katalon.core.webui.keyword.builtin.SelectOptionByValueKeyword$_selectOptionByValue_closure1.doCall(SelectOptionByValueKeyword.groovy:86)
	at com.kms.katalon.core.webui.keyword.builtin.SelectOptionByValueKeyword$_selectOptionByValue_closure1.call(SelectOptionByValueKeyword.groovy)
	at com.kms.katalon.core.webui.keyword.internal.WebUIKeywordMain.runKeyword(WebUIKeywordMain.groovy:20)
	... 20 more]]></system-err>
   </testsuite>
</testsuites>
