<?xml version="1.0" encoding="UTF-8"?>
<testsuites name="Looping" time="328.246" tests="1" failures="0" errors="0">
   <testsuite name="Looping" tests="1" failures="0" errors="0" time="328.246" skipped="0" timestamp="25-01-2024T16:55:57" hostname="0767 - DESKTOP-SQ56SGT" id="Test Suites/Test Suites/Looping">
      <properties>
[...]
</properties>
      <testcase name="Test Cases/Cura Healthcare Center/TC_5 Looping" time="327.875" classname="Test Cases/Cura Healthcare Center/TC_5 Looping" status="PASSED">
         <system-out><![CDATA[25-01-2024T16:55:57 - [TEST_CASE][PASSED] - Test Cases/Cura Healthcare Center/TC_5 Looping: Test Cases/Cura Healthcare Center/TC_5 Looping

25-01-2024T16:55:58 - [TEST_STEP][PASSED] - callTestCase(findTestCase("Cura Healthcare Center/Login"), [:], STOP_ON_FAILURE): Call Test Case 'Test Cases/Cura Healthcare Center/Login' successfully

25-01-2024T16:55:58 - [TEST_CASE][PASSED] - Test Cases/Cura Healthcare Center/Login: Test Cases/Cura Healthcare Center/Login

25-01-2024T16:55:58 - [TEST_STEP][PASSED] - openBrowser(""): Browser is opened with url: ''

25-01-2024T16:55:59 - [MESSAGE][INFO] - User set preference: ['os', 'windows']

25-01-2024T16:55:59 - [MESSAGE][INFO] - User set preference: ['browserName', 'chrome']

25-01-2024T16:55:59 - [MESSAGE][INFO] - User set preference: ['browserVersion', '119']

25-01-2024T16:55:59 - [MESSAGE][INFO] - User set preference: ['katalon:option', '{organizationId=1378380, tunnelId=, usingTunnel=false}']

25-01-2024T16:55:59 - [MESSAGE][INFO] - Connecting to remote web server 'testcloud.katalon.com/hub' with type 'Selenium'

25-01-2024T16:55:59 - [MESSAGE][INFO] - Action delay is set to 0 milliseconds

25-01-2024T16:56:26 - [MESSAGE][PASSED] - Browser is opened with url: ''

25-01-2024T16:56:26 - [TEST_STEP][PASSED] - navigateToUrl("https://katalon-demo-cura.herokuapp.com/"): Navigate to 'https://katalon-demo-cura.herokuapp.com/' successfully

25-01-2024T16:56:27 - [MESSAGE][PASSED] - Navigate to 'https://katalon-demo-cura.herokuapp.com/' successfully

25-01-2024T16:56:27 - [TEST_STEP][PASSED] - click(findTestObject("Object Repository/Web Testing/Page_CURA Healthcare Service/a_Make Appointment")): Object: 'Object Repository/Web Testing/Page_CURA Healthcare Service/a_Make Appointment' is clicked on

25-01-2024T16:56:30 - [MESSAGE][PASSED] - Object: 'Object Repository/Web Testing/Page_CURA Healthcare Service/a_Make Appointment' is clicked on

25-01-2024T16:56:31 - [TEST_STEP][PASSED] - setText(findTestObject("Object Repository/Web Testing/Page_CURA Healthcare Service/input_username"), "John Doe"): Text 'John Doe' is set on object 'Object Repository/Web Testing/Page_CURA Healthcare Service/input_username'

25-01-2024T16:56:38 - [MESSAGE][PASSED] - Text 'John Doe' is set on object 'Object Repository/Web Testing/Page_CURA Healthcare Service/input_username'

25-01-2024T16:56:38 - [TEST_STEP][PASSED] - setEncryptedText(findTestObject("Object Repository/Web Testing/Page_CURA Healthcare Service/input_password"), "g3/DOGG74jC3Flrr3yH+3D/yKbOqqUNM"): Text ****** has been set on object 'Object Repository/Web Testing/Page_CURA Healthcare Service/input_password'

25-01-2024T16:56:43 - [MESSAGE][PASSED] - Text ****** has been set on object 'Object Repository/Web Testing/Page_CURA Healthcare Service/input_password'

25-01-2024T16:56:43 - [TEST_STEP][PASSED] - takeScreenshotAsCheckpoint("cek"): Taking screenshot successfully

25-01-2024T16:56:49 - [MESSAGE][INFO] - 0 hidden object(s)

25-01-2024T16:56:49 - [MESSAGE][PASSED] - Taking screenshot successfully
[[ATTACHMENT|keyes\keyes-cek.png]]

25-01-2024T16:56:49 - [TEST_STEP][PASSED] - click(findTestObject("Object Repository/Web Testing/Page_CURA Healthcare Service/button_Login")): Object: 'Object Repository/Web Testing/Page_CURA Healthcare Service/button_Login' is clicked on

25-01-2024T16:56:53 - [MESSAGE][PASSED] - Object: 'Object Repository/Web Testing/Page_CURA Healthcare Service/button_Login' is clicked on

25-01-2024T16:56:53 - [MESSAGE][PASSED] - Call Test Case 'Test Cases/Cura Healthcare Center/Login' successfully

25-01-2024T16:56:53 - [TEST_STEP][PASSED] - for (def n : (0..2)): Object: 'Object Repository/Page_CURA Healthcare Service/a_Go to Homepage' is clicked on

25-01-2024T16:56:53 - [TEST_STEP][PASSED] - selectOptionByValue(findTestObject("Page_CURA Healthcare Service/select_Tokyo CURA Healthcare Center                            Hongkong CURA Healthcare Center                            Seoul CURA Healthcare Center"), "Hongkong CURA Healthcare Center", true): All options with value 'Hongkong CURA Healthcare Center' are selected in object 'Object Repository/Page_CURA Healthcare Service/select_Tokyo CURA Healthcare Center                            Hongkong CURA Healthcare Center                            Seoul CURA Healthcare Center'  using regular expression

25-01-2024T16:57:15 - [MESSAGE][PASSED] - All options with value 'Hongkong CURA Healthcare Center' are selected in object 'Object Repository/Page_CURA Healthcare Service/select_Tokyo CURA Healthcare Center                            Hongkong CURA Healthcare Center                            Seoul CURA Healthcare Center'  using regular expression

25-01-2024T16:57:15 - [TEST_STEP][PASSED] - click(findTestObject("Page_CURA Healthcare Service/input_hospital_readmission")): Object: 'Object Repository/Page_CURA Healthcare Service/input_hospital_readmission' is clicked on

25-01-2024T16:57:18 - [MESSAGE][PASSED] - Object: 'Object Repository/Page_CURA Healthcare Service/input_hospital_readmission' is clicked on

25-01-2024T16:57:18 - [TEST_STEP][PASSED] - if (n == 0): Taking screenshot successfully

25-01-2024T16:57:18 - [TEST_STEP][PASSED] - click(findTestObject("Page_CURA Healthcare Service/input_Medicare_programs")): Object: 'Object Repository/Page_CURA Healthcare Service/input_Medicare_programs' is clicked on

25-01-2024T16:57:22 - [MESSAGE][PASSED] - Object: 'Object Repository/Page_CURA Healthcare Service/input_Medicare_programs' is clicked on

25-01-2024T16:57:22 - [TEST_STEP][PASSED] - takeScreenshotAsCheckpoint("Medicare"): Taking screenshot successfully

25-01-2024T16:57:27 - [MESSAGE][INFO] - 0 hidden object(s)

25-01-2024T16:57:27 - [MESSAGE][PASSED] - Taking screenshot successfully
[[ATTACHMENT|keyes\keyes-Medicare.png]]

25-01-2024T16:57:27 - [TEST_STEP][PASSED] - click(findTestObject("Page_CURA Healthcare Service/input_Visit Date")): Object: 'Object Repository/Page_CURA Healthcare Service/input_Visit Date' is clicked on

25-01-2024T16:57:30 - [MESSAGE][PASSED] - Object: 'Object Repository/Page_CURA Healthcare Service/input_Visit Date' is clicked on

25-01-2024T16:57:30 - [TEST_STEP][PASSED] - click(findTestObject("Object Repository/Page_CURA Healthcare Service/td_31")): Object: 'Object Repository/Page_CURA Healthcare Service/td_31' is clicked on

25-01-2024T16:57:33 - [MESSAGE][PASSED] - Object: 'Object Repository/Page_CURA Healthcare Service/td_31' is clicked on

25-01-2024T16:57:33 - [TEST_STEP][PASSED] - setText(findTestObject("Page_CURA Healthcare Service/textarea_Comment"), "Testing katalon studio"): Text 'Testing katalon studio' is set on object 'Object Repository/Page_CURA Healthcare Service/textarea_Comment'

25-01-2024T16:57:41 - [MESSAGE][PASSED] - Text 'Testing katalon studio' is set on object 'Object Repository/Page_CURA Healthcare Service/textarea_Comment'

25-01-2024T16:57:41 - [TEST_STEP][PASSED] - click(findTestObject("Page_CURA Healthcare Service/btn_Book App")): Object: 'Object Repository/Page_CURA Healthcare Service/btn_Book App' is clicked on

25-01-2024T16:57:45 - [MESSAGE][PASSED] - Object: 'Object Repository/Page_CURA Healthcare Service/btn_Book App' is clicked on

25-01-2024T16:57:45 - [TEST_STEP][PASSED] - click(findTestObject("Object Repository/Page_CURA Healthcare Service/a_Go to Homepage")): Object: 'Object Repository/Page_CURA Healthcare Service/a_Go to Homepage' is clicked on

25-01-2024T16:58:18 - [MESSAGE][INFO] - Unable to find the element located by 'By.xpath: //section[@id='history']/div/div[3]/p/a'. Please recheck the objects properties to make sure the desired element is located. 

25-01-2024T16:58:18 - [MESSAGE][WARNING] - [SELF-HEALING] Failed to find element with id 'Object Repository/Page_CURA Healthcare Service/a_Go to Homepage'. Try using Self-healing.

25-01-2024T16:58:20 - [MESSAGE][WARNING] - [SELF-HEALING] The current locator of test object 'Object Repository/Page_CURA Healthcare Service/a_Go to Homepage' was broken. Propose an alternative one: '//a[contains(text(),'Go to Homepage')]'.

25-01-2024T16:58:21 - [MESSAGE][PASSED] - Object: 'Object Repository/Page_CURA Healthcare Service/a_Go to Homepage' is clicked on

25-01-2024T16:58:21 - [TEST_STEP][PASSED] - selectOptionByValue(findTestObject("Page_CURA Healthcare Service/select_Tokyo CURA Healthcare Center                            Hongkong CURA Healthcare Center                            Seoul CURA Healthcare Center"), "Hongkong CURA Healthcare Center", true): All options with value 'Hongkong CURA Healthcare Center' are selected in object 'Object Repository/Page_CURA Healthcare Service/select_Tokyo CURA Healthcare Center                            Hongkong CURA Healthcare Center                            Seoul CURA Healthcare Center'  using regular expression

25-01-2024T16:58:42 - [MESSAGE][PASSED] - All options with value 'Hongkong CURA Healthcare Center' are selected in object 'Object Repository/Page_CURA Healthcare Service/select_Tokyo CURA Healthcare Center                            Hongkong CURA Healthcare Center                            Seoul CURA Healthcare Center'  using regular expression

25-01-2024T16:58:42 - [TEST_STEP][PASSED] - click(findTestObject("Page_CURA Healthcare Service/input_hospital_readmission")): Object: 'Object Repository/Page_CURA Healthcare Service/input_hospital_readmission' is clicked on

25-01-2024T16:58:45 - [MESSAGE][PASSED] - Object: 'Object Repository/Page_CURA Healthcare Service/input_hospital_readmission' is clicked on

25-01-2024T16:58:45 - [TEST_STEP][PASSED] - if (n == 0): null

25-01-2024T16:58:45 - [TEST_STEP][PASSED] - else if (n == 1): Taking screenshot successfully

25-01-2024T16:58:45 - [TEST_STEP][PASSED] - click(findTestObject("Page_CURA Healthcare Service/input_Medicaid_programs")): Object: 'Object Repository/Page_CURA Healthcare Service/input_Medicaid_programs' is clicked on

25-01-2024T16:58:49 - [MESSAGE][PASSED] - Object: 'Object Repository/Page_CURA Healthcare Service/input_Medicaid_programs' is clicked on

25-01-2024T16:58:49 - [TEST_STEP][PASSED] - takeScreenshotAsCheckpoint("Medicaid"): Taking screenshot successfully

25-01-2024T16:59:02 - [MESSAGE][INFO] - 0 hidden object(s)

25-01-2024T16:59:03 - [MESSAGE][PASSED] - Taking screenshot successfully
[[ATTACHMENT|keyes\keyes-Medicaid.png]]

25-01-2024T16:59:03 - [TEST_STEP][PASSED] - click(findTestObject("Page_CURA Healthcare Service/input_Visit Date")): Object: 'Object Repository/Page_CURA Healthcare Service/input_Visit Date' is clicked on

25-01-2024T16:59:06 - [MESSAGE][PASSED] - Object: 'Object Repository/Page_CURA Healthcare Service/input_Visit Date' is clicked on

25-01-2024T16:59:06 - [TEST_STEP][PASSED] - click(findTestObject("Object Repository/Page_CURA Healthcare Service/td_31")): Object: 'Object Repository/Page_CURA Healthcare Service/td_31' is clicked on

25-01-2024T16:59:09 - [MESSAGE][PASSED] - Object: 'Object Repository/Page_CURA Healthcare Service/td_31' is clicked on

25-01-2024T16:59:09 - [TEST_STEP][PASSED] - setText(findTestObject("Page_CURA Healthcare Service/textarea_Comment"), "Testing katalon studio"): Text 'Testing katalon studio' is set on object 'Object Repository/Page_CURA Healthcare Service/textarea_Comment'

25-01-2024T16:59:16 - [MESSAGE][PASSED] - Text 'Testing katalon studio' is set on object 'Object Repository/Page_CURA Healthcare Service/textarea_Comment'

25-01-2024T16:59:16 - [TEST_STEP][PASSED] - click(findTestObject("Page_CURA Healthcare Service/btn_Book App")): Object: 'Object Repository/Page_CURA Healthcare Service/btn_Book App' is clicked on

25-01-2024T16:59:19 - [MESSAGE][PASSED] - Object: 'Object Repository/Page_CURA Healthcare Service/btn_Book App' is clicked on

25-01-2024T16:59:19 - [TEST_STEP][PASSED] - click(findTestObject("Object Repository/Page_CURA Healthcare Service/a_Go to Homepage")): Object: 'Object Repository/Page_CURA Healthcare Service/a_Go to Homepage' is clicked on

25-01-2024T16:59:51 - [MESSAGE][INFO] - Unable to find the element located by 'By.xpath: //section[@id='history']/div/div[3]/p/a'. Please recheck the objects properties to make sure the desired element is located. 

25-01-2024T16:59:51 - [MESSAGE][WARNING] - [SELF-HEALING] Failed to find element with id 'Object Repository/Page_CURA Healthcare Service/a_Go to Homepage'. Try using Self-healing.

25-01-2024T16:59:53 - [MESSAGE][WARNING] - [SELF-HEALING] The current locator of test object 'Object Repository/Page_CURA Healthcare Service/a_Go to Homepage' was broken. Propose an alternative one: '//a[contains(text(),'Go to Homepage')]'.

25-01-2024T16:59:54 - [MESSAGE][PASSED] - Object: 'Object Repository/Page_CURA Healthcare Service/a_Go to Homepage' is clicked on

25-01-2024T16:59:54 - [TEST_STEP][PASSED] - selectOptionByValue(findTestObject("Page_CURA Healthcare Service/select_Tokyo CURA Healthcare Center                            Hongkong CURA Healthcare Center                            Seoul CURA Healthcare Center"), "Hongkong CURA Healthcare Center", true): All options with value 'Hongkong CURA Healthcare Center' are selected in object 'Object Repository/Page_CURA Healthcare Service/select_Tokyo CURA Healthcare Center                            Hongkong CURA Healthcare Center                            Seoul CURA Healthcare Center'  using regular expression

25-01-2024T17:00:14 - [MESSAGE][PASSED] - All options with value 'Hongkong CURA Healthcare Center' are selected in object 'Object Repository/Page_CURA Healthcare Service/select_Tokyo CURA Healthcare Center                            Hongkong CURA Healthcare Center                            Seoul CURA Healthcare Center'  using regular expression

25-01-2024T17:00:14 - [TEST_STEP][PASSED] - click(findTestObject("Page_CURA Healthcare Service/input_hospital_readmission")): Object: 'Object Repository/Page_CURA Healthcare Service/input_hospital_readmission' is clicked on

25-01-2024T17:00:17 - [MESSAGE][PASSED] - Object: 'Object Repository/Page_CURA Healthcare Service/input_hospital_readmission' is clicked on

25-01-2024T17:00:17 - [TEST_STEP][PASSED] - if (n == 0): null

25-01-2024T17:00:17 - [TEST_STEP][PASSED] - else if (n == 1): null

25-01-2024T17:00:17 - [TEST_STEP][PASSED] - else: Taking screenshot successfully

25-01-2024T17:00:17 - [TEST_STEP][PASSED] - click(findTestObject("Page_CURA Healthcare Service/input_None_programs")): Object: 'Object Repository/Page_CURA Healthcare Service/input_None_programs' is clicked on

25-01-2024T17:00:21 - [MESSAGE][PASSED] - Object: 'Object Repository/Page_CURA Healthcare Service/input_None_programs' is clicked on

25-01-2024T17:00:21 - [TEST_STEP][PASSED] - takeScreenshotAsCheckpoint("None"): Taking screenshot successfully

25-01-2024T17:00:30 - [MESSAGE][INFO] - 0 hidden object(s)

25-01-2024T17:00:31 - [MESSAGE][PASSED] - Taking screenshot successfully
[[ATTACHMENT|keyes\keyes-None.png]]

25-01-2024T17:00:31 - [TEST_STEP][PASSED] - click(findTestObject("Page_CURA Healthcare Service/input_Visit Date")): Object: 'Object Repository/Page_CURA Healthcare Service/input_Visit Date' is clicked on

25-01-2024T17:00:34 - [MESSAGE][PASSED] - Object: 'Object Repository/Page_CURA Healthcare Service/input_Visit Date' is clicked on

25-01-2024T17:00:34 - [TEST_STEP][PASSED] - click(findTestObject("Object Repository/Page_CURA Healthcare Service/td_31")): Object: 'Object Repository/Page_CURA Healthcare Service/td_31' is clicked on

25-01-2024T17:00:37 - [MESSAGE][PASSED] - Object: 'Object Repository/Page_CURA Healthcare Service/td_31' is clicked on

25-01-2024T17:00:37 - [TEST_STEP][PASSED] - setText(findTestObject("Page_CURA Healthcare Service/textarea_Comment"), "Testing katalon studio"): Text 'Testing katalon studio' is set on object 'Object Repository/Page_CURA Healthcare Service/textarea_Comment'

25-01-2024T17:00:44 - [MESSAGE][PASSED] - Text 'Testing katalon studio' is set on object 'Object Repository/Page_CURA Healthcare Service/textarea_Comment'

25-01-2024T17:00:44 - [TEST_STEP][PASSED] - click(findTestObject("Page_CURA Healthcare Service/btn_Book App")): Object: 'Object Repository/Page_CURA Healthcare Service/btn_Book App' is clicked on

25-01-2024T17:00:48 - [MESSAGE][PASSED] - Object: 'Object Repository/Page_CURA Healthcare Service/btn_Book App' is clicked on

25-01-2024T17:00:48 - [TEST_STEP][PASSED] - click(findTestObject("Object Repository/Page_CURA Healthcare Service/a_Go to Homepage")): Object: 'Object Repository/Page_CURA Healthcare Service/a_Go to Homepage' is clicked on

25-01-2024T17:01:20 - [MESSAGE][INFO] - Unable to find the element located by 'By.xpath: //section[@id='history']/div/div[3]/p/a'. Please recheck the objects properties to make sure the desired element is located. 

25-01-2024T17:01:20 - [MESSAGE][WARNING] - [SELF-HEALING] Failed to find element with id 'Object Repository/Page_CURA Healthcare Service/a_Go to Homepage'. Try using Self-healing.

25-01-2024T17:01:23 - [MESSAGE][WARNING] - [SELF-HEALING] The current locator of test object 'Object Repository/Page_CURA Healthcare Service/a_Go to Homepage' was broken. Propose an alternative one: '//a[contains(text(),'Go to Homepage')]'.

25-01-2024T17:01:24 - [MESSAGE][PASSED] - Object: 'Object Repository/Page_CURA Healthcare Service/a_Go to Homepage' is clicked on

25-01-2024T17:01:24 - [TEST_STEP][PASSED] - closeBrowser(): Browser is closed

25-01-2024T17:01:25 - [MESSAGE][PASSED] - Browser is closed]]></system-out>
         <system-err><![CDATA[]]></system-err>
      </testcase>
      <system-out><![CDATA[25-01-2024T16:55:57 - [TEST_SUITE][PASSED] - Looping: Test Cases/Cura Healthcare Center/TC_5 Looping]]></system-out>
      <system-err><![CDATA[]]></system-err>
   </testsuite>
</testsuites>
