<?xml version="1.0" encoding="UTF-8"?>
<testsuites name="Para Bank" time="613.896" tests="4" failures="0" errors="0">
   <testsuite name="Para Bank" tests="4" failures="0" errors="0" time="613.896" skipped="0" timestamp="19-01-2024T22:39:04" hostname="0767 - DESKTOP-SQ56SGT" id="Test Suites/Test Suites/Para Bank">
      <properties>
[...]
</properties>
      <testcase name="Test Cases/Para Bank/Login" time="119.93" classname="Test Cases/Para Bank/Login" status="PASSED">
         <system-out><![CDATA[19-01-2024T22:39:05 - [TEST_CASE][PASSED] - Test Cases/Para Bank/Login: Test Cases/Para Bank/Login

19-01-2024T22:39:05 - [TEST_STEP][PASSED] - openBrowser(""): Browser is opened with url: ''

19-01-2024T22:39:05 - [MESSAGE][INFO] - User set preference: ['os', 'windows']

19-01-2024T22:39:05 - [MESSAGE][INFO] - User set preference: ['browserName', 'chrome']

19-01-2024T22:39:05 - [MESSAGE][INFO] - User set preference: ['browserVersion', '119']

19-01-2024T22:39:05 - [MESSAGE][INFO] - User set preference: ['katalon:option', '{organizationId=1378380, tunnelId=, usingTunnel=false}']

19-01-2024T22:39:05 - [MESSAGE][INFO] - Connecting to remote web server 'testcloud.katalon.com/hub' with type 'Selenium'

19-01-2024T22:39:06 - [MESSAGE][INFO] - Action delay is set to 0 milliseconds

19-01-2024T22:40:28 - [MESSAGE][PASSED] - Browser is opened with url: ''

19-01-2024T22:40:28 - [TEST_STEP][PASSED] - navigateToUrl("https://parabank.parasoft.com/parabank/index.htm"): Navigate to 'https://parabank.parasoft.com/parabank/index.htm' successfully

19-01-2024T22:40:32 - [MESSAGE][PASSED] - Navigate to 'https://parabank.parasoft.com/parabank/index.htm' successfully

19-01-2024T22:40:32 - [TEST_STEP][PASSED] - setText(findTestObject("Object Repository/Para Bank/Page_ParaBank  Welcome  Online Banking/input_username"), "asep"): Text 'asep' is set on object 'Object Repository/Para Bank/Page_ParaBank  Welcome  Online Banking/input_username'

19-01-2024T22:40:51 - [MESSAGE][PASSED] - Text 'asep' is set on object 'Object Repository/Para Bank/Page_ParaBank  Welcome  Online Banking/input_username'

19-01-2024T22:40:51 - [TEST_STEP][PASSED] - setEncryptedText(findTestObject("Object Repository/Para Bank/Page_ParaBank  Welcome  Online Banking/input_password"), "amhbjqpz+W+cUhleMTuzlg=="): Text ****** has been set on object 'Object Repository/Para Bank/Page_ParaBank  Welcome  Online Banking/input_password'

19-01-2024T22:41:00 - [MESSAGE][PASSED] - Text ****** has been set on object 'Object Repository/Para Bank/Page_ParaBank  Welcome  Online Banking/input_password'

19-01-2024T22:41:00 - [TEST_STEP][PASSED] - click(findTestObject("Object Repository/Para Bank/Page_ParaBank  Welcome  Online Banking/input_button")): Object: 'Object Repository/Para Bank/Page_ParaBank  Welcome  Online Banking/input_button' is clicked on

19-01-2024T22:41:05 - [MESSAGE][PASSED] - Object: 'Object Repository/Para Bank/Page_ParaBank  Welcome  Online Banking/input_button' is clicked on]]></system-out>
         <system-err><![CDATA[]]></system-err>
      </testcase>
      <testcase name="Test Cases/Para Bank/Open New Account" time="184.26" classname="Test Cases/Para Bank/Open New Account" status="PASSED">
         <system-out><![CDATA[19-01-2024T22:41:05 - [TEST_CASE][PASSED] - Test Cases/Para Bank/Open New Account: Test Cases/Para Bank/Open New Account

19-01-2024T22:41:05 - [TEST_STEP][PASSED] - openBrowser(""): Browser is opened with url: ''

19-01-2024T22:41:05 - [MESSAGE][WARNING] - A browser is already opened. Closing browser and opening a new one

19-01-2024T22:41:06 - [MESSAGE][INFO] - User set preference: ['os', 'windows']

19-01-2024T22:41:06 - [MESSAGE][INFO] - User set preference: ['browserName', 'chrome']

19-01-2024T22:41:06 - [MESSAGE][INFO] - User set preference: ['browserVersion', '119']

19-01-2024T22:41:06 - [MESSAGE][INFO] - User set preference: ['katalon:option', '{organizationId=1378380, tunnelId=, usingTunnel=false}']

19-01-2024T22:41:06 - [MESSAGE][INFO] - Connecting to remote web server 'testcloud.katalon.com/hub' with type 'Selenium'

19-01-2024T22:41:06 - [MESSAGE][INFO] - Action delay is set to 0 milliseconds

19-01-2024T22:42:08 - [MESSAGE][PASSED] - Browser is opened with url: ''

19-01-2024T22:42:08 - [TEST_STEP][PASSED] - navigateToUrl("https://parabank.parasoft.com/parabank/index.htm"): Navigate to 'https://parabank.parasoft.com/parabank/index.htm' successfully

19-01-2024T22:42:10 - [MESSAGE][PASSED] - Navigate to 'https://parabank.parasoft.com/parabank/index.htm' successfully

19-01-2024T22:42:10 - [TEST_STEP][PASSED] - setText(findTestObject("Object Repository/Para Bank/Page_ParaBank  Welcome  Online Banking/input_username"), "asep"): Text 'asep' is set on object 'Object Repository/Para Bank/Page_ParaBank  Welcome  Online Banking/input_username'

19-01-2024T22:42:17 - [MESSAGE][PASSED] - Text 'asep' is set on object 'Object Repository/Para Bank/Page_ParaBank  Welcome  Online Banking/input_username'

19-01-2024T22:42:17 - [TEST_STEP][PASSED] - setEncryptedText(findTestObject("Object Repository/Para Bank/Page_ParaBank  Welcome  Online Banking/input_password"), "amhbjqpz+W+cUhleMTuzlg=="): Text ****** has been set on object 'Object Repository/Para Bank/Page_ParaBank  Welcome  Online Banking/input_password'

19-01-2024T22:42:22 - [MESSAGE][PASSED] - Text ****** has been set on object 'Object Repository/Para Bank/Page_ParaBank  Welcome  Online Banking/input_password'

19-01-2024T22:42:22 - [TEST_STEP][PASSED] - click(findTestObject("Object Repository/Para Bank/Page_ParaBank  Welcome  Online Banking/input_button")): Object: 'Object Repository/Para Bank/Page_ParaBank  Welcome  Online Banking/input_button' is clicked on

19-01-2024T22:42:32 - [MESSAGE][PASSED] - Object: 'Object Repository/Para Bank/Page_ParaBank  Welcome  Online Banking/input_button' is clicked on

19-01-2024T22:42:32 - [TEST_STEP][PASSED] - click(findTestObject("Object Repository/Para Bank/Page_ParaBank  Accounts Overview/a_Open New Account")): Object: 'Object Repository/Para Bank/Page_ParaBank  Accounts Overview/a_Open New Account' is clicked on

19-01-2024T22:42:46 - [MESSAGE][PASSED] - Object: 'Object Repository/Para Bank/Page_ParaBank  Accounts Overview/a_Open New Account' is clicked on

19-01-2024T22:42:46 - [TEST_STEP][PASSED] - selectOptionByValue(findTestObject("Object Repository/Para Bank/Page_ParaBank  Open Account/select_CHECKING                  SAVINGS"), "1", true): All options with value '1' are selected in object 'Object Repository/Para Bank/Page_ParaBank  Open Account/select_CHECKING                  SAVINGS'  using regular expression

19-01-2024T22:43:51 - [MESSAGE][PASSED] - All options with value '1' are selected in object 'Object Repository/Para Bank/Page_ParaBank  Open Account/select_CHECKING                  SAVINGS'  using regular expression

19-01-2024T22:43:51 - [TEST_STEP][PASSED] - click(findTestObject("Object Repository/Para Bank/Page_ParaBank  Open Account/input_button")): Object: 'Object Repository/Para Bank/Page_ParaBank  Open Account/input_button' is clicked on

19-01-2024T22:44:00 - [MESSAGE][PASSED] - Object: 'Object Repository/Para Bank/Page_ParaBank  Open Account/input_button' is clicked on

19-01-2024T22:44:00 - [TEST_STEP][PASSED] - click(findTestObject("Object Repository/Para Bank/Page_ParaBank  Open Account/a_32547")): Object: 'Object Repository/Para Bank/Page_ParaBank  Open Account/a_32547' is clicked on

19-01-2024T22:44:09 - [MESSAGE][PASSED] - Object: 'Object Repository/Para Bank/Page_ParaBank  Open Account/a_32547' is clicked on]]></system-out>
         <system-err><![CDATA[]]></system-err>
      </testcase>
      <testcase name="Test Cases/Para Bank/Account Overview" time="145.295" classname="Test Cases/Para Bank/Account Overview" status="PASSED">
         <system-out><![CDATA[19-01-2024T22:44:09 - [TEST_CASE][PASSED] - Test Cases/Para Bank/Account Overview: Test Cases/Para Bank/Account Overview

19-01-2024T22:44:09 - [TEST_STEP][PASSED] - openBrowser(""): Browser is opened with url: ''

19-01-2024T22:44:09 - [MESSAGE][WARNING] - A browser is already opened. Closing browser and opening a new one

19-01-2024T22:44:10 - [MESSAGE][INFO] - User set preference: ['os', 'windows']

19-01-2024T22:44:10 - [MESSAGE][INFO] - User set preference: ['browserName', 'chrome']

19-01-2024T22:44:10 - [MESSAGE][INFO] - User set preference: ['browserVersion', '119']

19-01-2024T22:44:10 - [MESSAGE][INFO] - User set preference: ['katalon:option', '{organizationId=1378380, tunnelId=, usingTunnel=false}']

19-01-2024T22:44:10 - [MESSAGE][INFO] - Connecting to remote web server 'testcloud.katalon.com/hub' with type 'Selenium'

19-01-2024T22:44:10 - [MESSAGE][INFO] - Action delay is set to 0 milliseconds

19-01-2024T22:44:47 - [MESSAGE][PASSED] - Browser is opened with url: ''

19-01-2024T22:44:47 - [TEST_STEP][PASSED] - navigateToUrl("https://parabank.parasoft.com/parabank/index.htm"): Navigate to 'https://parabank.parasoft.com/parabank/index.htm' successfully

19-01-2024T22:44:50 - [MESSAGE][PASSED] - Navigate to 'https://parabank.parasoft.com/parabank/index.htm' successfully

19-01-2024T22:44:50 - [TEST_STEP][PASSED] - setText(findTestObject("Object Repository/Para Bank/Page_ParaBank  Welcome  Online Banking/input_username"), "asep"): Text 'asep' is set on object 'Object Repository/Para Bank/Page_ParaBank  Welcome  Online Banking/input_username'

19-01-2024T22:45:25 - [MESSAGE][PASSED] - Text 'asep' is set on object 'Object Repository/Para Bank/Page_ParaBank  Welcome  Online Banking/input_username'

19-01-2024T22:45:25 - [TEST_STEP][PASSED] - setEncryptedText(findTestObject("Object Repository/Para Bank/Page_ParaBank  Welcome  Online Banking/input_password"), "amhbjqpz+W+cUhleMTuzlg=="): Text ****** has been set on object 'Object Repository/Para Bank/Page_ParaBank  Welcome  Online Banking/input_password'

19-01-2024T22:45:41 - [MESSAGE][PASSED] - Text ****** has been set on object 'Object Repository/Para Bank/Page_ParaBank  Welcome  Online Banking/input_password'

19-01-2024T22:45:41 - [TEST_STEP][PASSED] - click(findTestObject("Object Repository/Para Bank/Page_ParaBank  Welcome  Online Banking/input_button")): Object: 'Object Repository/Para Bank/Page_ParaBank  Welcome  Online Banking/input_button' is clicked on

19-01-2024T22:45:49 - [MESSAGE][PASSED] - Object: 'Object Repository/Para Bank/Page_ParaBank  Welcome  Online Banking/input_button' is clicked on

19-01-2024T22:45:49 - [TEST_STEP][PASSED] - click(findTestObject("Object Repository/Para Bank/Page_ParaBank  Accounts Overview/a_Accounts Overview")): Object: 'Object Repository/Para Bank/Page_ParaBank  Accounts Overview/a_Accounts Overview' is clicked on

19-01-2024T22:45:57 - [MESSAGE][PASSED] - Object: 'Object Repository/Para Bank/Page_ParaBank  Accounts Overview/a_Accounts Overview' is clicked on

19-01-2024T22:45:57 - [TEST_STEP][PASSED] - click(findTestObject("Object Repository/Para Bank/Page_ParaBank  Accounts Overview/b_5000.00")): Object: 'Object Repository/Para Bank/Page_ParaBank  Accounts Overview/b_5000.00' is clicked on

19-01-2024T22:46:30 - [MESSAGE][INFO] - Unable to find the element located by 'By.xpath: //table[@id='accountTable']/tbody/tr[3]/td[2]/b'. Please recheck the objects properties to make sure the desired element is located. 

19-01-2024T22:46:30 - [MESSAGE][WARNING] - [SELF-HEALING] Failed to find element with id 'Object Repository/Para Bank/Page_ParaBank  Accounts Overview/b_5000.00'. Try using Self-healing.

19-01-2024T22:46:33 - [MESSAGE][WARNING] - [SELF-HEALING] The current locator of test object 'Object Repository/Para Bank/Page_ParaBank  Accounts Overview/b_5000.00' was broken. Propose an alternative one: '//td[2]/b'.

19-01-2024T22:46:34 - [MESSAGE][PASSED] - Object: 'Object Repository/Para Bank/Page_ParaBank  Accounts Overview/b_5000.00' is clicked on]]></system-out>
         <system-err><![CDATA[]]></system-err>
      </testcase>
      <testcase name="Test Cases/Para Bank/Transfer Funds" time="164.151" classname="Test Cases/Para Bank/Transfer Funds" status="PASSED">
         <system-out><![CDATA[19-01-2024T22:46:34 - [TEST_CASE][PASSED] - Test Cases/Para Bank/Transfer Funds: Test Cases/Para Bank/Transfer Funds

19-01-2024T22:46:34 - [TEST_STEP][PASSED] - openBrowser(""): Browser is opened with url: ''

19-01-2024T22:46:34 - [MESSAGE][WARNING] - A browser is already opened. Closing browser and opening a new one

19-01-2024T22:46:36 - [MESSAGE][INFO] - User set preference: ['os', 'windows']

19-01-2024T22:46:36 - [MESSAGE][INFO] - User set preference: ['browserName', 'chrome']

19-01-2024T22:46:36 - [MESSAGE][INFO] - User set preference: ['browserVersion', '119']

19-01-2024T22:46:36 - [MESSAGE][INFO] - User set preference: ['katalon:option', '{organizationId=1378380, tunnelId=, usingTunnel=false}']

19-01-2024T22:46:36 - [MESSAGE][INFO] - Connecting to remote web server 'testcloud.katalon.com/hub' with type 'Selenium'

19-01-2024T22:46:36 - [MESSAGE][INFO] - Action delay is set to 0 milliseconds

19-01-2024T22:47:08 - [MESSAGE][PASSED] - Browser is opened with url: ''

19-01-2024T22:47:08 - [TEST_STEP][PASSED] - navigateToUrl("https://parabank.parasoft.com/parabank/index.htm"): Navigate to 'https://parabank.parasoft.com/parabank/index.htm' successfully

19-01-2024T22:47:10 - [MESSAGE][PASSED] - Navigate to 'https://parabank.parasoft.com/parabank/index.htm' successfully

19-01-2024T22:47:10 - [TEST_STEP][PASSED] - setText(findTestObject("Object Repository/Para Bank/Page_ParaBank  Welcome  Online Banking/input_username"), "asep"): Text 'asep' is set on object 'Object Repository/Para Bank/Page_ParaBank  Welcome  Online Banking/input_username'

19-01-2024T22:47:18 - [MESSAGE][PASSED] - Text 'asep' is set on object 'Object Repository/Para Bank/Page_ParaBank  Welcome  Online Banking/input_username'

19-01-2024T22:47:18 - [TEST_STEP][PASSED] - setEncryptedText(findTestObject("Object Repository/Para Bank/Page_ParaBank  Welcome  Online Banking/input_password"), "amhbjqpz+W+cUhleMTuzlg=="): Text ****** has been set on object 'Object Repository/Para Bank/Page_ParaBank  Welcome  Online Banking/input_password'

19-01-2024T22:47:22 - [MESSAGE][PASSED] - Text ****** has been set on object 'Object Repository/Para Bank/Page_ParaBank  Welcome  Online Banking/input_password'

19-01-2024T22:47:22 - [TEST_STEP][PASSED] - click(findTestObject("Object Repository/Para Bank/Page_ParaBank  Welcome  Online Banking/input_button")): Object: 'Object Repository/Para Bank/Page_ParaBank  Welcome  Online Banking/input_button' is clicked on

19-01-2024T22:47:26 - [MESSAGE][PASSED] - Object: 'Object Repository/Para Bank/Page_ParaBank  Welcome  Online Banking/input_button' is clicked on

19-01-2024T22:47:27 - [TEST_STEP][PASSED] - click(findTestObject("Object Repository/Para Bank/Page_ParaBank  Accounts Overview/a_Transfer Funds")): Object: 'Object Repository/Para Bank/Page_ParaBank  Accounts Overview/a_Transfer Funds' is clicked on

19-01-2024T22:47:31 - [MESSAGE][PASSED] - Object: 'Object Repository/Para Bank/Page_ParaBank  Accounts Overview/a_Transfer Funds' is clicked on

19-01-2024T22:47:31 - [TEST_STEP][PASSED] - setText(findTestObject("Object Repository/Para Bank/Page_ParaBank  Transfer Funds/input_input"), "110"): Text '110' is set on object 'Object Repository/Para Bank/Page_ParaBank  Transfer Funds/input_input'

19-01-2024T22:47:38 - [MESSAGE][PASSED] - Text '110' is set on object 'Object Repository/Para Bank/Page_ParaBank  Transfer Funds/input_input'

19-01-2024T22:47:38 - [TEST_STEP][PASSED] - selectOptionByValue(findTestObject("Object Repository/Para Bank/Page_ParaBank  Transfer Funds/select_3243632547"), "32436", true): All options with value '32436' are selected in object 'Object Repository/Para Bank/Page_ParaBank  Transfer Funds/select_3243632547'  using regular expression

19-01-2024T22:48:26 - [MESSAGE][PASSED] - All options with value '32436' are selected in object 'Object Repository/Para Bank/Page_ParaBank  Transfer Funds/select_3243632547'  using regular expression

19-01-2024T22:48:26 - [TEST_STEP][PASSED] - selectOptionByValue(findTestObject("Object Repository/Para Bank/Page_ParaBank  Transfer Funds/select_3243632547"), "32547", true): All options with value '32547' are selected in object 'Object Repository/Para Bank/Page_ParaBank  Transfer Funds/select_3243632547'  using regular expression

19-01-2024T22:49:12 - [MESSAGE][PASSED] - All options with value '32547' are selected in object 'Object Repository/Para Bank/Page_ParaBank  Transfer Funds/select_3243632547'  using regular expression

19-01-2024T22:49:12 - [TEST_STEP][PASSED] - click(findTestObject("Object Repository/Para Bank/Page_ParaBank  Transfer Funds/input_button")): Object: 'Object Repository/Para Bank/Page_ParaBank  Transfer Funds/input_button' is clicked on

19-01-2024T22:49:18 - [MESSAGE][PASSED] - Object: 'Object Repository/Para Bank/Page_ParaBank  Transfer Funds/input_button' is clicked on]]></system-out>
         <system-err><![CDATA[]]></system-err>
      </testcase>
      <system-out><![CDATA[19-01-2024T22:39:04 - [TEST_SUITE][PASSED] - Para Bank: Test Cases/Para Bank/Transfer Funds]]></system-out>
      <system-err><![CDATA[]]></system-err>
   </testsuite>
</testsuites>
